2022-06-15 00:10:58.179 [http-nio-8085-exec-4] DEBUG c.a.q.d.U.selectUserInfo -==>  Preparing: SELECT id,username,`password`,status FROM user_info WHERE username = ? AND status = "1"
2022-06-15 00:10:58.179 [http-nio-8085-exec-4] DEBUG c.a.q.d.U.selectUserInfo -==>  Preparing: SELECT id,username,`password`,status FROM user_info WHERE username = ? AND status = "1"
2022-06-15 00:10:58.193 [http-nio-8085-exec-4] DEBUG c.a.q.d.U.selectUserInfo -==> Parameters: 111(String)
2022-06-15 00:10:58.193 [http-nio-8085-exec-4] DEBUG c.a.q.d.U.selectUserInfo -==> Parameters: 111(String)
2022-06-15 00:10:58.247 [http-nio-8085-exec-4] DEBUG c.a.q.d.U.selectUserInfo -<==      Total: 1
2022-06-15 00:10:58.247 [http-nio-8085-exec-4] DEBUG c.a.q.d.U.selectUserInfo -<==      Total: 1
2022-06-15 00:11:05.036 [http-nio-8085-exec-10] DEBUG c.a.q.d.P.queryProjectList -==>  Preparing: SELECT id,user_id as userId,project_name as projectName,created_by as createdBy,project_content as projectContent, creation_date as creationDate,last_updated_by as lastUpdatedBy,last_update_date as lastUpdateDate FROM project_info
2022-06-15 00:11:05.036 [http-nio-8085-exec-10] DEBUG c.a.q.d.P.queryProjectList -==>  Preparing: SELECT id,user_id as userId,project_name as projectName,created_by as createdBy,project_content as projectContent, creation_date as creationDate,last_updated_by as lastUpdatedBy,last_update_date as lastUpdateDate FROM project_info
2022-06-15 00:11:05.036 [http-nio-8085-exec-10] DEBUG c.a.q.d.P.queryProjectList -==> Parameters: 
2022-06-15 00:11:05.036 [http-nio-8085-exec-10] DEBUG c.a.q.d.P.queryProjectList -==> Parameters: 
2022-06-15 00:11:05.083 [http-nio-8085-exec-10] DEBUG c.a.q.d.P.queryProjectList -<==      Total: 2
2022-06-15 00:11:05.083 [http-nio-8085-exec-10] DEBUG c.a.q.d.P.queryProjectList -<==      Total: 2
2022-06-15 00:11:18.352 [http-nio-8085-exec-4] DEBUG c.a.q.d.P.queryProjectList -==>  Preparing: SELECT id,user_id as userId,project_name as projectName,created_by as createdBy,project_content as projectContent, creation_date as creationDate,last_updated_by as lastUpdatedBy,last_update_date as lastUpdateDate FROM project_info
2022-06-15 00:11:18.352 [http-nio-8085-exec-4] DEBUG c.a.q.d.P.queryProjectList -==>  Preparing: SELECT id,user_id as userId,project_name as projectName,created_by as createdBy,project_content as projectContent, creation_date as creationDate,last_updated_by as lastUpdatedBy,last_update_date as lastUpdateDate FROM project_info
2022-06-15 00:11:18.352 [http-nio-8085-exec-4] DEBUG c.a.q.d.P.queryProjectList -==> Parameters: 
2022-06-15 00:11:18.352 [http-nio-8085-exec-4] DEBUG c.a.q.d.P.queryProjectList -==> Parameters: 
2022-06-15 00:11:18.396 [http-nio-8085-exec-4] DEBUG c.a.q.d.P.queryProjectList -<==      Total: 2
2022-06-15 00:11:18.396 [http-nio-8085-exec-4] DEBUG c.a.q.d.P.queryProjectList -<==      Total: 2
2022-06-15 00:11:45.858 [http-nio-8085-exec-8] DEBUG c.a.q.d.P.queryProjectList -==>  Preparing: SELECT id,user_id as userId,project_name as projectName,created_by as createdBy,project_content as projectContent, creation_date as creationDate,last_updated_by as lastUpdatedBy,last_update_date as lastUpdateDate FROM project_info
2022-06-15 00:11:45.858 [http-nio-8085-exec-8] DEBUG c.a.q.d.P.queryProjectList -==>  Preparing: SELECT id,user_id as userId,project_name as projectName,created_by as createdBy,project_content as projectContent, creation_date as creationDate,last_updated_by as lastUpdatedBy,last_update_date as lastUpdateDate FROM project_info
2022-06-15 00:11:45.858 [http-nio-8085-exec-8] DEBUG c.a.q.d.P.queryProjectList -==> Parameters: 
2022-06-15 00:11:45.858 [http-nio-8085-exec-8] DEBUG c.a.q.d.P.queryProjectList -==> Parameters: 
2022-06-15 00:11:45.904 [http-nio-8085-exec-8] DEBUG c.a.q.d.P.queryProjectList -<==      Total: 2
2022-06-15 00:11:45.904 [http-nio-8085-exec-8] DEBUG c.a.q.d.P.queryProjectList -<==      Total: 2
2022-06-15 00:11:50.633 [http-nio-8085-exec-7] DEBUG c.a.q.d.P.queryProjectList -==>  Preparing: SELECT id,user_id as userId,project_name as projectName,created_by as createdBy,project_content as projectContent, creation_date as creationDate,last_updated_by as lastUpdatedBy,last_update_date as lastUpdateDate FROM project_info
2022-06-15 00:11:50.633 [http-nio-8085-exec-7] DEBUG c.a.q.d.P.queryProjectList -==>  Preparing: SELECT id,user_id as userId,project_name as projectName,created_by as createdBy,project_content as projectContent, creation_date as creationDate,last_updated_by as lastUpdatedBy,last_update_date as lastUpdateDate FROM project_info
2022-06-15 00:11:50.634 [http-nio-8085-exec-7] DEBUG c.a.q.d.P.queryProjectList -==> Parameters: 
2022-06-15 00:11:50.634 [http-nio-8085-exec-7] DEBUG c.a.q.d.P.queryProjectList -==> Parameters: 
2022-06-15 00:11:50.679 [http-nio-8085-exec-7] DEBUG c.a.q.d.P.queryProjectList -<==      Total: 2
2022-06-15 00:11:50.679 [http-nio-8085-exec-7] DEBUG c.a.q.d.P.queryProjectList -<==      Total: 2
2022-06-15 00:11:51.769 [http-nio-8085-exec-3] DEBUG c.a.q.d.P.queryProjectList -==>  Preparing: SELECT id,user_id as userId,project_name as projectName,created_by as createdBy,project_content as projectContent, creation_date as creationDate,last_updated_by as lastUpdatedBy,last_update_date as lastUpdateDate FROM project_info
2022-06-15 00:11:51.769 [http-nio-8085-exec-3] DEBUG c.a.q.d.P.queryProjectList -==>  Preparing: SELECT id,user_id as userId,project_name as projectName,created_by as createdBy,project_content as projectContent, creation_date as creationDate,last_updated_by as lastUpdatedBy,last_update_date as lastUpdateDate FROM project_info
2022-06-15 00:11:51.769 [http-nio-8085-exec-3] DEBUG c.a.q.d.P.queryProjectList -==> Parameters: 
2022-06-15 00:11:51.769 [http-nio-8085-exec-3] DEBUG c.a.q.d.P.queryProjectList -==> Parameters: 
2022-06-15 00:11:51.813 [http-nio-8085-exec-3] DEBUG c.a.q.d.P.queryProjectList -<==      Total: 2
2022-06-15 00:11:51.813 [http-nio-8085-exec-3] DEBUG c.a.q.d.P.queryProjectList -<==      Total: 2
2022-06-15 00:12:01.644 [http-nio-8085-exec-7] DEBUG c.a.q.d.P.queryProjectList -==>  Preparing: SELECT id,user_id as userId,project_name as projectName,created_by as createdBy,project_content as projectContent, creation_date as creationDate,last_updated_by as lastUpdatedBy,last_update_date as lastUpdateDate FROM project_info
2022-06-15 00:12:01.644 [http-nio-8085-exec-7] DEBUG c.a.q.d.P.queryProjectList -==>  Preparing: SELECT id,user_id as userId,project_name as projectName,created_by as createdBy,project_content as projectContent, creation_date as creationDate,last_updated_by as lastUpdatedBy,last_update_date as lastUpdateDate FROM project_info
2022-06-15 00:12:01.645 [http-nio-8085-exec-7] DEBUG c.a.q.d.P.queryProjectList -==> Parameters: 
2022-06-15 00:12:01.645 [http-nio-8085-exec-7] DEBUG c.a.q.d.P.queryProjectList -==> Parameters: 
2022-06-15 00:12:01.689 [http-nio-8085-exec-7] DEBUG c.a.q.d.P.queryProjectList -<==      Total: 2
2022-06-15 00:12:01.689 [http-nio-8085-exec-7] DEBUG c.a.q.d.P.queryProjectList -<==      Total: 2
2022-06-15 00:12:03.113 [http-nio-8085-exec-9] DEBUG c.a.q.d.P.queryProjectList -==>  Preparing: SELECT id,user_id as userId,project_name as projectName,created_by as createdBy,project_content as projectContent, creation_date as creationDate,last_updated_by as lastUpdatedBy,last_update_date as lastUpdateDate FROM project_info
2022-06-15 00:12:03.113 [http-nio-8085-exec-9] DEBUG c.a.q.d.P.queryProjectList -==>  Preparing: SELECT id,user_id as userId,project_name as projectName,created_by as createdBy,project_content as projectContent, creation_date as creationDate,last_updated_by as lastUpdatedBy,last_update_date as lastUpdateDate FROM project_info
2022-06-15 00:12:03.113 [http-nio-8085-exec-9] DEBUG c.a.q.d.P.queryProjectList -==> Parameters: 
2022-06-15 00:12:03.113 [http-nio-8085-exec-9] DEBUG c.a.q.d.P.queryProjectList -==> Parameters: 
2022-06-15 00:12:03.160 [http-nio-8085-exec-9] DEBUG c.a.q.d.P.queryProjectList -<==      Total: 2
2022-06-15 00:12:03.160 [http-nio-8085-exec-9] DEBUG c.a.q.d.P.queryProjectList -<==      Total: 2
2022-06-15 00:21:12.124 [http-nio-8085-exec-6] DEBUG c.a.q.d.P.queryProjectList -==>  Preparing: SELECT id,user_id as userId,project_name as projectName,created_by as createdBy,project_content as projectContent, creation_date as creationDate,last_updated_by as lastUpdatedBy,last_update_date as lastUpdateDate FROM project_info
2022-06-15 00:21:12.124 [http-nio-8085-exec-6] DEBUG c.a.q.d.P.queryProjectList -==>  Preparing: SELECT id,user_id as userId,project_name as projectName,created_by as createdBy,project_content as projectContent, creation_date as creationDate,last_updated_by as lastUpdatedBy,last_update_date as lastUpdateDate FROM project_info
2022-06-15 00:21:12.124 [http-nio-8085-exec-6] DEBUG c.a.q.d.P.queryProjectList -==> Parameters: 
2022-06-15 00:21:12.124 [http-nio-8085-exec-6] DEBUG c.a.q.d.P.queryProjectList -==> Parameters: 
2022-06-15 00:21:12.167 [http-nio-8085-exec-6] DEBUG c.a.q.d.P.queryProjectList -<==      Total: 2
2022-06-15 00:21:12.167 [http-nio-8085-exec-6] DEBUG c.a.q.d.P.queryProjectList -<==      Total: 2
2022-06-15 00:23:35.849 [http-nio-8085-exec-4] DEBUG c.a.q.d.P.queryProjectList -==>  Preparing: SELECT id,user_id as userId,project_name as projectName,created_by as createdBy,project_content as projectContent, creation_date as creationDate,last_updated_by as lastUpdatedBy,last_update_date as lastUpdateDate FROM project_info
2022-06-15 00:23:35.849 [http-nio-8085-exec-4] DEBUG c.a.q.d.P.queryProjectList -==>  Preparing: SELECT id,user_id as userId,project_name as projectName,created_by as createdBy,project_content as projectContent, creation_date as creationDate,last_updated_by as lastUpdatedBy,last_update_date as lastUpdateDate FROM project_info
2022-06-15 00:23:35.849 [http-nio-8085-exec-4] DEBUG c.a.q.d.P.queryProjectList -==> Parameters: 
2022-06-15 00:23:35.849 [http-nio-8085-exec-4] DEBUG c.a.q.d.P.queryProjectList -==> Parameters: 
2022-06-15 00:23:35.893 [http-nio-8085-exec-4] DEBUG c.a.q.d.P.queryProjectList -<==      Total: 2
2022-06-15 00:23:35.893 [http-nio-8085-exec-4] DEBUG c.a.q.d.P.queryProjectList -<==      Total: 2
2022-06-15 00:23:43.146 [http-nio-8085-exec-6] DEBUG c.a.q.d.P.queryProjectList -==>  Preparing: SELECT id,user_id as userId,project_name as projectName,created_by as createdBy,project_content as projectContent, creation_date as creationDate,last_updated_by as lastUpdatedBy,last_update_date as lastUpdateDate FROM project_info
2022-06-15 00:23:43.146 [http-nio-8085-exec-6] DEBUG c.a.q.d.P.queryProjectList -==>  Preparing: SELECT id,user_id as userId,project_name as projectName,created_by as createdBy,project_content as projectContent, creation_date as creationDate,last_updated_by as lastUpdatedBy,last_update_date as lastUpdateDate FROM project_info
2022-06-15 00:23:43.146 [http-nio-8085-exec-6] DEBUG c.a.q.d.P.queryProjectList -==> Parameters: 
2022-06-15 00:23:43.146 [http-nio-8085-exec-6] DEBUG c.a.q.d.P.queryProjectList -==> Parameters: 
2022-06-15 00:23:43.189 [http-nio-8085-exec-6] DEBUG c.a.q.d.P.queryProjectList -<==      Total: 2
2022-06-15 00:23:43.189 [http-nio-8085-exec-6] DEBUG c.a.q.d.P.queryProjectList -<==      Total: 2
2022-06-15 00:23:59.281 [http-nio-8085-exec-1] DEBUG c.a.q.d.P.queryProjectList -==>  Preparing: SELECT id,user_id as userId,project_name as projectName,created_by as createdBy,project_content as projectContent, creation_date as creationDate,last_updated_by as lastUpdatedBy,last_update_date as lastUpdateDate FROM project_info
2022-06-15 00:23:59.281 [http-nio-8085-exec-1] DEBUG c.a.q.d.P.queryProjectList -==>  Preparing: SELECT id,user_id as userId,project_name as projectName,created_by as createdBy,project_content as projectContent, creation_date as creationDate,last_updated_by as lastUpdatedBy,last_update_date as lastUpdateDate FROM project_info
2022-06-15 00:23:59.281 [http-nio-8085-exec-1] DEBUG c.a.q.d.P.queryProjectList -==> Parameters: 
2022-06-15 00:23:59.281 [http-nio-8085-exec-1] DEBUG c.a.q.d.P.queryProjectList -==> Parameters: 
2022-06-15 00:23:59.327 [http-nio-8085-exec-1] DEBUG c.a.q.d.P.queryProjectList -<==      Total: 2
2022-06-15 00:23:59.327 [http-nio-8085-exec-1] DEBUG c.a.q.d.P.queryProjectList -<==      Total: 2
2022-06-15 00:27:47.818 [http-nio-8085-exec-6] DEBUG c.a.q.d.P.queryProjectList -==>  Preparing: SELECT id,user_id as userId,project_name as projectName,created_by as createdBy,project_content as projectContent, creation_date as creationDate,last_updated_by as lastUpdatedBy,last_update_date as lastUpdateDate FROM project_info
2022-06-15 00:27:47.818 [http-nio-8085-exec-6] DEBUG c.a.q.d.P.queryProjectList -==>  Preparing: SELECT id,user_id as userId,project_name as projectName,created_by as createdBy,project_content as projectContent, creation_date as creationDate,last_updated_by as lastUpdatedBy,last_update_date as lastUpdateDate FROM project_info
2022-06-15 00:27:47.818 [http-nio-8085-exec-6] DEBUG c.a.q.d.P.queryProjectList -==> Parameters: 
2022-06-15 00:27:47.818 [http-nio-8085-exec-6] DEBUG c.a.q.d.P.queryProjectList -==> Parameters: 
2022-06-15 00:27:47.870 [http-nio-8085-exec-6] DEBUG c.a.q.d.P.queryProjectList -<==      Total: 2
2022-06-15 00:27:47.870 [http-nio-8085-exec-6] DEBUG c.a.q.d.P.queryProjectList -<==      Total: 2
2022-06-15 00:27:52.795 [http-nio-8085-exec-3] DEBUG c.a.q.d.P.queryProjectList -==>  Preparing: SELECT id,user_id as userId,project_name as projectName,created_by as createdBy,project_content as projectContent, creation_date as creationDate,last_updated_by as lastUpdatedBy,last_update_date as lastUpdateDate FROM project_info
2022-06-15 00:27:52.795 [http-nio-8085-exec-3] DEBUG c.a.q.d.P.queryProjectList -==>  Preparing: SELECT id,user_id as userId,project_name as projectName,created_by as createdBy,project_content as projectContent, creation_date as creationDate,last_updated_by as lastUpdatedBy,last_update_date as lastUpdateDate FROM project_info
2022-06-15 00:27:52.795 [http-nio-8085-exec-3] DEBUG c.a.q.d.P.queryProjectList -==> Parameters: 
2022-06-15 00:27:52.795 [http-nio-8085-exec-3] DEBUG c.a.q.d.P.queryProjectList -==> Parameters: 
2022-06-15 00:27:52.839 [http-nio-8085-exec-3] DEBUG c.a.q.d.P.queryProjectList -<==      Total: 2
2022-06-15 00:27:52.839 [http-nio-8085-exec-3] DEBUG c.a.q.d.P.queryProjectList -<==      Total: 2
2022-06-15 00:28:19.738 [http-nio-8085-exec-4] DEBUG c.a.q.d.P.queryProjectList -==>  Preparing: SELECT id,user_id as userId,project_name as projectName,created_by as createdBy,project_content as projectContent, creation_date as creationDate,last_updated_by as lastUpdatedBy,last_update_date as lastUpdateDate FROM project_info
2022-06-15 00:28:19.738 [http-nio-8085-exec-4] DEBUG c.a.q.d.P.queryProjectList -==>  Preparing: SELECT id,user_id as userId,project_name as projectName,created_by as createdBy,project_content as projectContent, creation_date as creationDate,last_updated_by as lastUpdatedBy,last_update_date as lastUpdateDate FROM project_info
2022-06-15 00:28:19.752 [http-nio-8085-exec-4] DEBUG c.a.q.d.P.queryProjectList -==> Parameters: 
2022-06-15 00:28:19.752 [http-nio-8085-exec-4] DEBUG c.a.q.d.P.queryProjectList -==> Parameters: 
2022-06-15 00:28:19.816 [http-nio-8085-exec-4] DEBUG c.a.q.d.P.queryProjectList -<==      Total: 2
2022-06-15 00:28:19.816 [http-nio-8085-exec-4] DEBUG c.a.q.d.P.queryProjectList -<==      Total: 2
2022-06-15 00:28:28.863 [http-nio-8085-exec-7] DEBUG c.a.q.d.U.selectUserInfo -==>  Preparing: SELECT id,username,`password`,status FROM user_info WHERE username = ? AND status = "1"
2022-06-15 00:28:28.863 [http-nio-8085-exec-7] DEBUG c.a.q.d.U.selectUserInfo -==>  Preparing: SELECT id,username,`password`,status FROM user_info WHERE username = ? AND status = "1"
2022-06-15 00:28:28.863 [http-nio-8085-exec-7] DEBUG c.a.q.d.U.selectUserInfo -==> Parameters: 111(String)
2022-06-15 00:28:28.863 [http-nio-8085-exec-7] DEBUG c.a.q.d.U.selectUserInfo -==> Parameters: 111(String)
2022-06-15 00:28:28.912 [http-nio-8085-exec-7] DEBUG c.a.q.d.U.selectUserInfo -<==      Total: 1
2022-06-15 00:28:28.912 [http-nio-8085-exec-7] DEBUG c.a.q.d.U.selectUserInfo -<==      Total: 1
2022-06-15 00:28:28.994 [http-nio-8085-exec-1] DEBUG c.a.q.d.P.queryProjectList -==>  Preparing: SELECT id,user_id as userId,project_name as projectName,created_by as createdBy,project_content as projectContent, creation_date as creationDate,last_updated_by as lastUpdatedBy,last_update_date as lastUpdateDate FROM project_info
2022-06-15 00:28:28.994 [http-nio-8085-exec-1] DEBUG c.a.q.d.P.queryProjectList -==>  Preparing: SELECT id,user_id as userId,project_name as projectName,created_by as createdBy,project_content as projectContent, creation_date as creationDate,last_updated_by as lastUpdatedBy,last_update_date as lastUpdateDate FROM project_info
2022-06-15 00:28:28.994 [http-nio-8085-exec-1] DEBUG c.a.q.d.P.queryProjectList -==> Parameters: 
2022-06-15 00:28:28.994 [http-nio-8085-exec-1] DEBUG c.a.q.d.P.queryProjectList -==> Parameters: 
2022-06-15 00:28:29.043 [http-nio-8085-exec-1] DEBUG c.a.q.d.P.queryProjectList -<==      Total: 2
2022-06-15 00:28:29.043 [http-nio-8085-exec-1] DEBUG c.a.q.d.P.queryProjectList -<==      Total: 2
2022-06-15 00:32:39.735 [http-nio-8085-exec-4] DEBUG c.a.q.d.P.queryProjectList -==>  Preparing: SELECT id,user_id as userId,project_name as projectName,created_by as createdBy,project_content as projectContent, creation_date as creationDate,last_updated_by as lastUpdatedBy,last_update_date as lastUpdateDate FROM project_info
2022-06-15 00:32:39.735 [http-nio-8085-exec-4] DEBUG c.a.q.d.P.queryProjectList -==>  Preparing: SELECT id,user_id as userId,project_name as projectName,created_by as createdBy,project_content as projectContent, creation_date as creationDate,last_updated_by as lastUpdatedBy,last_update_date as lastUpdateDate FROM project_info
2022-06-15 00:32:39.749 [http-nio-8085-exec-4] DEBUG c.a.q.d.P.queryProjectList -==> Parameters: 
2022-06-15 00:32:39.749 [http-nio-8085-exec-4] DEBUG c.a.q.d.P.queryProjectList -==> Parameters: 
2022-06-15 00:32:39.807 [http-nio-8085-exec-4] DEBUG c.a.q.d.P.queryProjectList -<==      Total: 2
2022-06-15 00:32:39.807 [http-nio-8085-exec-4] DEBUG c.a.q.d.P.queryProjectList -<==      Total: 2
2022-06-15 00:32:44.302 [http-nio-8085-exec-9] DEBUG c.a.q.d.U.selectUserInfo -==>  Preparing: SELECT id,username,`password`,status FROM user_info WHERE username = ? AND status = "1"
2022-06-15 00:32:44.302 [http-nio-8085-exec-9] DEBUG c.a.q.d.U.selectUserInfo -==>  Preparing: SELECT id,username,`password`,status FROM user_info WHERE username = ? AND status = "1"
2022-06-15 00:32:44.302 [http-nio-8085-exec-9] DEBUG c.a.q.d.U.selectUserInfo -==> Parameters: 111(String)
2022-06-15 00:32:44.302 [http-nio-8085-exec-9] DEBUG c.a.q.d.U.selectUserInfo -==> Parameters: 111(String)
2022-06-15 00:32:44.346 [http-nio-8085-exec-9] DEBUG c.a.q.d.U.selectUserInfo -<==      Total: 1
2022-06-15 00:32:44.346 [http-nio-8085-exec-9] DEBUG c.a.q.d.U.selectUserInfo -<==      Total: 1
2022-06-15 00:32:44.417 [http-nio-8085-exec-6] DEBUG c.a.q.d.P.queryProjectList -==>  Preparing: SELECT id,user_id as userId,project_name as projectName,created_by as createdBy,project_content as projectContent, creation_date as creationDate,last_updated_by as lastUpdatedBy,last_update_date as lastUpdateDate FROM project_info
2022-06-15 00:32:44.417 [http-nio-8085-exec-6] DEBUG c.a.q.d.P.queryProjectList -==>  Preparing: SELECT id,user_id as userId,project_name as projectName,created_by as createdBy,project_content as projectContent, creation_date as creationDate,last_updated_by as lastUpdatedBy,last_update_date as lastUpdateDate FROM project_info
2022-06-15 00:32:44.418 [http-nio-8085-exec-6] DEBUG c.a.q.d.P.queryProjectList -==> Parameters: 
2022-06-15 00:32:44.418 [http-nio-8085-exec-6] DEBUG c.a.q.d.P.queryProjectList -==> Parameters: 
2022-06-15 00:32:44.462 [http-nio-8085-exec-6] DEBUG c.a.q.d.P.queryProjectList -<==      Total: 2
2022-06-15 00:32:44.462 [http-nio-8085-exec-6] DEBUG c.a.q.d.P.queryProjectList -<==      Total: 2
2022-06-15 00:32:47.237 [http-nio-8085-exec-4] DEBUG c.a.q.d.P.queryProjectList -==>  Preparing: SELECT id,user_id as userId,project_name as projectName,created_by as createdBy,project_content as projectContent, creation_date as creationDate,last_updated_by as lastUpdatedBy,last_update_date as lastUpdateDate FROM project_info
2022-06-15 00:32:47.237 [http-nio-8085-exec-4] DEBUG c.a.q.d.P.queryProjectList -==>  Preparing: SELECT id,user_id as userId,project_name as projectName,created_by as createdBy,project_content as projectContent, creation_date as creationDate,last_updated_by as lastUpdatedBy,last_update_date as lastUpdateDate FROM project_info
2022-06-15 00:32:47.238 [http-nio-8085-exec-4] DEBUG c.a.q.d.P.queryProjectList -==> Parameters: 
2022-06-15 00:32:47.238 [http-nio-8085-exec-4] DEBUG c.a.q.d.P.queryProjectList -==> Parameters: 
2022-06-15 00:32:47.284 [http-nio-8085-exec-4] DEBUG c.a.q.d.P.queryProjectList -<==      Total: 2
2022-06-15 00:32:47.284 [http-nio-8085-exec-4] DEBUG c.a.q.d.P.queryProjectList -<==      Total: 2
2022-06-15 00:41:11.506 [http-nio-8085-exec-9] DEBUG c.a.q.d.P.queryProjectList -==>  Preparing: SELECT id,user_id as userId,project_name as projectName,created_by as createdBy,project_content as projectContent, creation_date as creationDate,last_updated_by as lastUpdatedBy,last_update_date as lastUpdateDate FROM project_info
2022-06-15 00:41:11.506 [http-nio-8085-exec-9] DEBUG c.a.q.d.P.queryProjectList -==>  Preparing: SELECT id,user_id as userId,project_name as projectName,created_by as createdBy,project_content as projectContent, creation_date as creationDate,last_updated_by as lastUpdatedBy,last_update_date as lastUpdateDate FROM project_info
2022-06-15 00:41:11.506 [http-nio-8085-exec-9] DEBUG c.a.q.d.P.queryProjectList -==> Parameters: 
2022-06-15 00:41:11.506 [http-nio-8085-exec-9] DEBUG c.a.q.d.P.queryProjectList -==> Parameters: 
2022-06-15 00:41:11.550 [http-nio-8085-exec-9] DEBUG c.a.q.d.P.queryProjectList -<==      Total: 2
2022-06-15 00:41:11.550 [http-nio-8085-exec-9] DEBUG c.a.q.d.P.queryProjectList -<==      Total: 2
2022-06-15 00:42:28.510 [http-nio-8085-exec-3] DEBUG c.a.q.d.P.queryProjectList -==>  Preparing: SELECT id,user_id as userId,project_name as projectName,created_by as createdBy,project_content as projectContent, creation_date as creationDate,last_updated_by as lastUpdatedBy,last_update_date as lastUpdateDate FROM project_info
2022-06-15 00:42:28.510 [http-nio-8085-exec-3] DEBUG c.a.q.d.P.queryProjectList -==>  Preparing: SELECT id,user_id as userId,project_name as projectName,created_by as createdBy,project_content as projectContent, creation_date as creationDate,last_updated_by as lastUpdatedBy,last_update_date as lastUpdateDate FROM project_info
2022-06-15 00:42:28.510 [http-nio-8085-exec-3] DEBUG c.a.q.d.P.queryProjectList -==> Parameters: 
2022-06-15 00:42:28.510 [http-nio-8085-exec-3] DEBUG c.a.q.d.P.queryProjectList -==> Parameters: 
2022-06-15 00:42:28.556 [http-nio-8085-exec-3] DEBUG c.a.q.d.P.queryProjectList -<==      Total: 2
2022-06-15 00:42:28.556 [http-nio-8085-exec-3] DEBUG c.a.q.d.P.queryProjectList -<==      Total: 2
2022-06-15 00:43:37.508 [http-nio-8085-exec-9] DEBUG c.a.q.d.P.queryProjectList -==>  Preparing: SELECT id,user_id as userId,project_name as projectName,created_by as createdBy,project_content as projectContent, creation_date as creationDate,last_updated_by as lastUpdatedBy,last_update_date as lastUpdateDate FROM project_info
2022-06-15 00:43:37.508 [http-nio-8085-exec-9] DEBUG c.a.q.d.P.queryProjectList -==>  Preparing: SELECT id,user_id as userId,project_name as projectName,created_by as createdBy,project_content as projectContent, creation_date as creationDate,last_updated_by as lastUpdatedBy,last_update_date as lastUpdateDate FROM project_info
2022-06-15 00:43:37.509 [http-nio-8085-exec-9] DEBUG c.a.q.d.P.queryProjectList -==> Parameters: 
2022-06-15 00:43:37.509 [http-nio-8085-exec-9] DEBUG c.a.q.d.P.queryProjectList -==> Parameters: 
2022-06-15 00:43:37.552 [http-nio-8085-exec-9] DEBUG c.a.q.d.P.queryProjectList -<==      Total: 2
2022-06-15 00:43:37.552 [http-nio-8085-exec-9] DEBUG c.a.q.d.P.queryProjectList -<==      Total: 2
2022-06-15 00:46:22.442 [http-nio-8085-exec-6] DEBUG c.a.q.d.P.queryProjectList -==>  Preparing: SELECT id,user_id as userId,project_name as projectName,created_by as createdBy,project_content as projectContent, creation_date as creationDate,last_updated_by as lastUpdatedBy,last_update_date as lastUpdateDate FROM project_info
2022-06-15 00:46:22.442 [http-nio-8085-exec-6] DEBUG c.a.q.d.P.queryProjectList -==>  Preparing: SELECT id,user_id as userId,project_name as projectName,created_by as createdBy,project_content as projectContent, creation_date as creationDate,last_updated_by as lastUpdatedBy,last_update_date as lastUpdateDate FROM project_info
2022-06-15 00:46:22.443 [http-nio-8085-exec-6] DEBUG c.a.q.d.P.queryProjectList -==> Parameters: 
2022-06-15 00:46:22.443 [http-nio-8085-exec-6] DEBUG c.a.q.d.P.queryProjectList -==> Parameters: 
2022-06-15 00:46:22.486 [http-nio-8085-exec-6] DEBUG c.a.q.d.P.queryProjectList -<==      Total: 2
2022-06-15 00:46:22.486 [http-nio-8085-exec-6] DEBUG c.a.q.d.P.queryProjectList -<==      Total: 2
2022-06-15 00:54:48.640 [http-nio-8085-exec-1] DEBUG c.a.q.d.P.queryProjectList -==>  Preparing: SELECT id,user_id as userId,project_name as projectName,created_by as createdBy,project_content as projectContent, creation_date as creationDate,last_updated_by as lastUpdatedBy,last_update_date as lastUpdateDate FROM project_info
2022-06-15 00:54:48.640 [http-nio-8085-exec-1] DEBUG c.a.q.d.P.queryProjectList -==>  Preparing: SELECT id,user_id as userId,project_name as projectName,created_by as createdBy,project_content as projectContent, creation_date as creationDate,last_updated_by as lastUpdatedBy,last_update_date as lastUpdateDate FROM project_info
2022-06-15 00:54:48.640 [http-nio-8085-exec-1] DEBUG c.a.q.d.P.queryProjectList -==> Parameters: 
2022-06-15 00:54:48.640 [http-nio-8085-exec-1] DEBUG c.a.q.d.P.queryProjectList -==> Parameters: 
2022-06-15 00:54:48.685 [http-nio-8085-exec-1] DEBUG c.a.q.d.P.queryProjectList -<==      Total: 2
2022-06-15 00:54:48.685 [http-nio-8085-exec-1] DEBUG c.a.q.d.P.queryProjectList -<==      Total: 2
2022-06-15 01:00:20.382 [http-nio-8085-exec-2] DEBUG c.a.q.d.P.queryProjectList -==>  Preparing: SELECT id,user_id as userId,project_name as projectName,created_by as createdBy,project_content as projectContent, creation_date as creationDate,last_updated_by as lastUpdatedBy,last_update_date as lastUpdateDate FROM project_info
2022-06-15 01:00:20.382 [http-nio-8085-exec-2] DEBUG c.a.q.d.P.queryProjectList -==>  Preparing: SELECT id,user_id as userId,project_name as projectName,created_by as createdBy,project_content as projectContent, creation_date as creationDate,last_updated_by as lastUpdatedBy,last_update_date as lastUpdateDate FROM project_info
2022-06-15 01:00:20.382 [http-nio-8085-exec-2] DEBUG c.a.q.d.P.queryProjectList -==> Parameters: 
2022-06-15 01:00:20.382 [http-nio-8085-exec-2] DEBUG c.a.q.d.P.queryProjectList -==> Parameters: 
2022-06-15 01:00:20.426 [http-nio-8085-exec-2] DEBUG c.a.q.d.P.queryProjectList -<==      Total: 2
2022-06-15 01:00:20.426 [http-nio-8085-exec-2] DEBUG c.a.q.d.P.queryProjectList -<==      Total: 2
2022-06-15 01:05:59.300 [http-nio-8085-exec-8] DEBUG c.a.q.d.P.queryProjectList -==>  Preparing: SELECT id,user_id as userId,project_name as projectName,created_by as createdBy,project_content as projectContent, creation_date as creationDate,last_updated_by as lastUpdatedBy,last_update_date as lastUpdateDate FROM project_info
2022-06-15 01:05:59.300 [http-nio-8085-exec-8] DEBUG c.a.q.d.P.queryProjectList -==>  Preparing: SELECT id,user_id as userId,project_name as projectName,created_by as createdBy,project_content as projectContent, creation_date as creationDate,last_updated_by as lastUpdatedBy,last_update_date as lastUpdateDate FROM project_info
2022-06-15 01:05:59.300 [http-nio-8085-exec-8] DEBUG c.a.q.d.P.queryProjectList -==> Parameters: 
2022-06-15 01:05:59.300 [http-nio-8085-exec-8] DEBUG c.a.q.d.P.queryProjectList -==> Parameters: 
2022-06-15 01:05:59.344 [http-nio-8085-exec-8] DEBUG c.a.q.d.P.queryProjectList -<==      Total: 2
2022-06-15 01:05:59.344 [http-nio-8085-exec-8] DEBUG c.a.q.d.P.queryProjectList -<==      Total: 2
2022-06-15 01:06:35.178 [http-nio-8085-exec-6] DEBUG c.a.q.d.P.queryProjectList -==>  Preparing: SELECT id,user_id as userId,project_name as projectName,created_by as createdBy,project_content as projectContent, creation_date as creationDate,last_updated_by as lastUpdatedBy,last_update_date as lastUpdateDate FROM project_info
2022-06-15 01:06:35.178 [http-nio-8085-exec-6] DEBUG c.a.q.d.P.queryProjectList -==>  Preparing: SELECT id,user_id as userId,project_name as projectName,created_by as createdBy,project_content as projectContent, creation_date as creationDate,last_updated_by as lastUpdatedBy,last_update_date as lastUpdateDate FROM project_info
2022-06-15 01:06:35.178 [http-nio-8085-exec-6] DEBUG c.a.q.d.P.queryProjectList -==> Parameters: 
2022-06-15 01:06:35.178 [http-nio-8085-exec-6] DEBUG c.a.q.d.P.queryProjectList -==> Parameters: 
2022-06-15 01:06:35.223 [http-nio-8085-exec-6] DEBUG c.a.q.d.P.queryProjectList -<==      Total: 2
2022-06-15 01:06:35.223 [http-nio-8085-exec-6] DEBUG c.a.q.d.P.queryProjectList -<==      Total: 2
2022-06-15 01:07:02.955 [http-nio-8085-exec-5] DEBUG c.a.q.d.U.queryUserList_COUNT -==>  Preparing: SELECT count(0) FROM user_info WHERE '' = '' OR username LIKE '%%'
2022-06-15 01:07:02.955 [http-nio-8085-exec-5] DEBUG c.a.q.d.U.queryUserList_COUNT -==>  Preparing: SELECT count(0) FROM user_info WHERE '' = '' OR username LIKE '%%'
2022-06-15 01:07:02.956 [http-nio-8085-exec-5] DEBUG c.a.q.d.U.queryUserList_COUNT -==> Parameters: 
2022-06-15 01:07:02.956 [http-nio-8085-exec-5] DEBUG c.a.q.d.U.queryUserList_COUNT -==> Parameters: 
2022-06-15 01:07:03.000 [http-nio-8085-exec-5] DEBUG c.a.q.d.U.queryUserList_COUNT -<==      Total: 1
2022-06-15 01:07:03.000 [http-nio-8085-exec-5] DEBUG c.a.q.d.U.queryUserList_COUNT -<==      Total: 1
2022-06-15 01:07:03.001 [http-nio-8085-exec-5] DEBUG c.a.q.d.U.queryUserList -==>  Preparing: SELECT id,username,password,start_time as startTime,stop_time as endTime,status,creation_date as creationDate FROM user_info WHERE '' = '' OR username LIKE '%%' ORDER BY creationDate DESC LIMIT 10
2022-06-15 01:07:03.001 [http-nio-8085-exec-5] DEBUG c.a.q.d.U.queryUserList -==>  Preparing: SELECT id,username,password,start_time as startTime,stop_time as endTime,status,creation_date as creationDate FROM user_info WHERE '' = '' OR username LIKE '%%' ORDER BY creationDate DESC LIMIT 10
2022-06-15 01:07:03.001 [http-nio-8085-exec-5] DEBUG c.a.q.d.U.queryUserList -==> Parameters: 
2022-06-15 01:07:03.001 [http-nio-8085-exec-5] DEBUG c.a.q.d.U.queryUserList -==> Parameters: 
2022-06-15 01:07:03.047 [http-nio-8085-exec-5] DEBUG c.a.q.d.U.queryUserList -<==      Total: 10
2022-06-15 01:07:03.047 [http-nio-8085-exec-5] DEBUG c.a.q.d.U.queryUserList -<==      Total: 10
2022-06-15 01:08:18.431 [http-nio-8085-exec-3] DEBUG c.a.q.d.P.queryProjectList -==>  Preparing: SELECT id,user_id as userId,project_name as projectName,created_by as createdBy,project_content as projectContent, creation_date as creationDate,last_updated_by as lastUpdatedBy,last_update_date as lastUpdateDate FROM project_info
2022-06-15 01:08:18.431 [http-nio-8085-exec-3] DEBUG c.a.q.d.P.queryProjectList -==>  Preparing: SELECT id,user_id as userId,project_name as projectName,created_by as createdBy,project_content as projectContent, creation_date as creationDate,last_updated_by as lastUpdatedBy,last_update_date as lastUpdateDate FROM project_info
2022-06-15 01:08:18.431 [http-nio-8085-exec-3] DEBUG c.a.q.d.P.queryProjectList -==> Parameters: 
2022-06-15 01:08:18.431 [http-nio-8085-exec-3] DEBUG c.a.q.d.P.queryProjectList -==> Parameters: 
2022-06-15 01:08:18.475 [http-nio-8085-exec-3] DEBUG c.a.q.d.P.queryProjectList -<==      Total: 2
2022-06-15 01:08:18.475 [http-nio-8085-exec-3] DEBUG c.a.q.d.P.queryProjectList -<==      Total: 2
2022-06-15 01:08:19.957 [http-nio-8085-exec-10] DEBUG c.a.q.d.U.queryUserList_COUNT -==>  Preparing: SELECT count(0) FROM user_info WHERE '' = '' OR username LIKE '%%'
2022-06-15 01:08:19.957 [http-nio-8085-exec-10] DEBUG c.a.q.d.U.queryUserList_COUNT -==>  Preparing: SELECT count(0) FROM user_info WHERE '' = '' OR username LIKE '%%'
2022-06-15 01:08:19.958 [http-nio-8085-exec-10] DEBUG c.a.q.d.U.queryUserList_COUNT -==> Parameters: 
2022-06-15 01:08:19.958 [http-nio-8085-exec-10] DEBUG c.a.q.d.U.queryUserList_COUNT -==> Parameters: 
2022-06-15 01:08:20.005 [http-nio-8085-exec-10] DEBUG c.a.q.d.U.queryUserList_COUNT -<==      Total: 1
2022-06-15 01:08:20.005 [http-nio-8085-exec-10] DEBUG c.a.q.d.U.queryUserList_COUNT -<==      Total: 1
2022-06-15 01:08:20.007 [http-nio-8085-exec-10] DEBUG c.a.q.d.U.queryUserList -==>  Preparing: SELECT id,username,password,start_time as startTime,stop_time as endTime,status,creation_date as creationDate FROM user_info WHERE '' = '' OR username LIKE '%%' ORDER BY creationDate DESC LIMIT 10
2022-06-15 01:08:20.007 [http-nio-8085-exec-10] DEBUG c.a.q.d.U.queryUserList -==>  Preparing: SELECT id,username,password,start_time as startTime,stop_time as endTime,status,creation_date as creationDate FROM user_info WHERE '' = '' OR username LIKE '%%' ORDER BY creationDate DESC LIMIT 10
2022-06-15 01:08:20.007 [http-nio-8085-exec-10] DEBUG c.a.q.d.U.queryUserList -==> Parameters: 
2022-06-15 01:08:20.007 [http-nio-8085-exec-10] DEBUG c.a.q.d.U.queryUserList -==> Parameters: 
2022-06-15 01:08:20.056 [http-nio-8085-exec-10] DEBUG c.a.q.d.U.queryUserList -<==      Total: 10
2022-06-15 01:08:20.056 [http-nio-8085-exec-10] DEBUG c.a.q.d.U.queryUserList -<==      Total: 10
2022-06-15 01:08:20.541 [http-nio-8085-exec-6] DEBUG c.a.q.d.P.queryProjectList -==>  Preparing: SELECT id,user_id as userId,project_name as projectName,created_by as createdBy,project_content as projectContent, creation_date as creationDate,last_updated_by as lastUpdatedBy,last_update_date as lastUpdateDate FROM project_info
2022-06-15 01:08:20.541 [http-nio-8085-exec-6] DEBUG c.a.q.d.P.queryProjectList -==>  Preparing: SELECT id,user_id as userId,project_name as projectName,created_by as createdBy,project_content as projectContent, creation_date as creationDate,last_updated_by as lastUpdatedBy,last_update_date as lastUpdateDate FROM project_info
2022-06-15 01:08:20.541 [http-nio-8085-exec-6] DEBUG c.a.q.d.P.queryProjectList -==> Parameters: 
2022-06-15 01:08:20.541 [http-nio-8085-exec-6] DEBUG c.a.q.d.P.queryProjectList -==> Parameters: 
2022-06-15 01:08:20.586 [http-nio-8085-exec-6] DEBUG c.a.q.d.P.queryProjectList -<==      Total: 2
2022-06-15 01:08:20.586 [http-nio-8085-exec-6] DEBUG c.a.q.d.P.queryProjectList -<==      Total: 2
2022-06-15 01:56:25.012 [http-nio-8085-exec-1] DEBUG c.a.q.d.P.queryProjectList -==>  Preparing: SELECT id,user_id as userId,project_name as projectName,created_by as createdBy,project_content as projectContent, creation_date as creationDate,last_updated_by as lastUpdatedBy,last_update_date as lastUpdateDate FROM project_info
2022-06-15 01:56:25.012 [http-nio-8085-exec-1] DEBUG c.a.q.d.P.queryProjectList -==>  Preparing: SELECT id,user_id as userId,project_name as projectName,created_by as createdBy,project_content as projectContent, creation_date as creationDate,last_updated_by as lastUpdatedBy,last_update_date as lastUpdateDate FROM project_info
2022-06-15 01:56:25.012 [http-nio-8085-exec-1] DEBUG c.a.q.d.P.queryProjectList -==> Parameters: 
2022-06-15 01:56:25.012 [http-nio-8085-exec-1] DEBUG c.a.q.d.P.queryProjectList -==> Parameters: 
2022-06-15 01:56:25.054 [http-nio-8085-exec-1] DEBUG c.a.q.d.P.queryProjectList -<==      Total: 2
2022-06-15 01:56:25.054 [http-nio-8085-exec-1] DEBUG c.a.q.d.P.queryProjectList -<==      Total: 2
2022-06-15 02:18:13.240 [http-nio-8085-exec-5] DEBUG c.a.q.d.P.queryProjectList -==>  Preparing: SELECT id,user_id as userId,project_name as projectName,created_by as createdBy,project_content as projectContent, creation_date as creationDate,last_updated_by as lastUpdatedBy,last_update_date as lastUpdateDate FROM project_info
2022-06-15 02:18:13.240 [http-nio-8085-exec-5] DEBUG c.a.q.d.P.queryProjectList -==>  Preparing: SELECT id,user_id as userId,project_name as projectName,created_by as createdBy,project_content as projectContent, creation_date as creationDate,last_updated_by as lastUpdatedBy,last_update_date as lastUpdateDate FROM project_info
2022-06-15 02:18:13.240 [http-nio-8085-exec-5] DEBUG c.a.q.d.P.queryProjectList -==> Parameters: 
2022-06-15 02:18:13.240 [http-nio-8085-exec-5] DEBUG c.a.q.d.P.queryProjectList -==> Parameters: 
2022-06-15 02:18:13.284 [http-nio-8085-exec-5] DEBUG c.a.q.d.P.queryProjectList -<==      Total: 2
2022-06-15 02:18:13.284 [http-nio-8085-exec-5] DEBUG c.a.q.d.P.queryProjectList -<==      Total: 2
