2022-06-08 00:04:49.278 [http-nio-8085-exec-1] DEBUG c.a.q.d.U.selectUserInfo -==>  Preparing: SELECT id,username,`password`,status FROM user_info WHERE username = ? AND status = "1"
2022-06-08 00:04:49.278 [http-nio-8085-exec-1] DEBUG c.a.q.d.U.selectUserInfo -==>  Preparing: SELECT id,username,`password`,status FROM user_info WHERE username = ? AND status = "1"
2022-06-08 00:04:49.310 [http-nio-8085-exec-1] DEBUG c.a.q.d.U.selectUserInfo -==> Parameters: admin(String)
2022-06-08 00:04:49.310 [http-nio-8085-exec-1] DEBUG c.a.q.d.U.selectUserInfo -==> Parameters: admin(String)
2022-06-08 00:04:49.383 [http-nio-8085-exec-1] DEBUG c.a.q.d.U.selectUserInfo -<==      Total: 1
2022-06-08 00:04:49.383 [http-nio-8085-exec-1] DEBUG c.a.q.d.U.selectUserInfo -<==      Total: 1
2022-06-08 00:04:49.595 [http-nio-8085-exec-2] DEBUG c.a.q.d.P.queryProjectList -==>  Preparing: SELECT id,user_id as userId,project_name as projectName,created_by as createdBy,project_content as projectContent, creation_date as creationDate,last_updated_by as lastUpdatedBy,last_update_date as lastUpdateDate FROM project_info
2022-06-08 00:04:49.595 [http-nio-8085-exec-2] DEBUG c.a.q.d.P.queryProjectList -==>  Preparing: SELECT id,user_id as userId,project_name as projectName,created_by as createdBy,project_content as projectContent, creation_date as creationDate,last_updated_by as lastUpdatedBy,last_update_date as lastUpdateDate FROM project_info
2022-06-08 00:04:49.597 [http-nio-8085-exec-2] DEBUG c.a.q.d.P.queryProjectList -==> Parameters: 
2022-06-08 00:04:49.597 [http-nio-8085-exec-2] DEBUG c.a.q.d.P.queryProjectList -==> Parameters: 
2022-06-08 00:04:49.656 [http-nio-8085-exec-2] DEBUG c.a.q.d.P.queryProjectList -<==      Total: 2
2022-06-08 00:04:49.656 [http-nio-8085-exec-2] DEBUG c.a.q.d.P.queryProjectList -<==      Total: 2
2022-06-08 00:04:57.348 [http-nio-8085-exec-4] DEBUG c.a.q.d.U.queryUserList_COUNT -==>  Preparing: SELECT count(0) FROM user_info WHERE '' = '' OR username LIKE '%%'
2022-06-08 00:04:57.348 [http-nio-8085-exec-4] DEBUG c.a.q.d.U.queryUserList_COUNT -==>  Preparing: SELECT count(0) FROM user_info WHERE '' = '' OR username LIKE '%%'
2022-06-08 00:04:57.349 [http-nio-8085-exec-4] DEBUG c.a.q.d.U.queryUserList_COUNT -==> Parameters: 
2022-06-08 00:04:57.349 [http-nio-8085-exec-4] DEBUG c.a.q.d.U.queryUserList_COUNT -==> Parameters: 
2022-06-08 00:04:57.392 [http-nio-8085-exec-4] DEBUG c.a.q.d.U.queryUserList_COUNT -<==      Total: 1
2022-06-08 00:04:57.392 [http-nio-8085-exec-4] DEBUG c.a.q.d.U.queryUserList_COUNT -<==      Total: 1
2022-06-08 00:04:57.394 [http-nio-8085-exec-4] DEBUG c.a.q.d.U.queryUserList -==>  Preparing: SELECT id,username,password,start_time as startTime,stop_time as endTime,status,creation_date as creationDate FROM user_info WHERE '' = '' OR username LIKE '%%' ORDER BY creationDate DESC LIMIT 10
2022-06-08 00:04:57.394 [http-nio-8085-exec-4] DEBUG c.a.q.d.U.queryUserList -==>  Preparing: SELECT id,username,password,start_time as startTime,stop_time as endTime,status,creation_date as creationDate FROM user_info WHERE '' = '' OR username LIKE '%%' ORDER BY creationDate DESC LIMIT 10
2022-06-08 00:04:57.394 [http-nio-8085-exec-4] DEBUG c.a.q.d.U.queryUserList -==> Parameters: 
2022-06-08 00:04:57.394 [http-nio-8085-exec-4] DEBUG c.a.q.d.U.queryUserList -==> Parameters: 
2022-06-08 00:04:57.439 [http-nio-8085-exec-4] DEBUG c.a.q.d.U.queryUserList -<==      Total: 1
2022-06-08 00:04:57.439 [http-nio-8085-exec-4] DEBUG c.a.q.d.U.queryUserList -<==      Total: 1
