2022-06-09 19:23:22.633 [http-nio-8085-exec-6] DEBUG c.a.q.d.U.selectUserInfo -==>  Preparing: SELECT id,username,`password`,status FROM user_info WHERE username = ? AND status = "1"
2022-06-09 19:23:22.633 [http-nio-8085-exec-6] DEBUG c.a.q.d.U.selectUserInfo -==>  Preparing: SELECT id,username,`password`,status FROM user_info WHERE username = ? AND status = "1"
2022-06-09 19:23:22.647 [http-nio-8085-exec-6] DEBUG c.a.q.d.U.selectUserInfo -==> Parameters: admin(String)
2022-06-09 19:23:22.647 [http-nio-8085-exec-6] DEBUG c.a.q.d.U.selectUserInfo -==> Parameters: admin(String)
2022-06-09 19:23:22.707 [http-nio-8085-exec-6] DEBUG c.a.q.d.U.selectUserInfo -<==      Total: 1
2022-06-09 19:23:22.707 [http-nio-8085-exec-6] DEBUG c.a.q.d.U.selectUserInfo -<==      Total: 1
2022-06-09 19:23:22.801 [http-nio-8085-exec-6] DEBUG c.a.q.d.P.queryProjectList -==>  Preparing: SELECT id,user_id as userId,project_name as projectName,created_by as createdBy,project_content as projectContent, creation_date as creationDate,last_updated_by as lastUpdatedBy,last_update_date as lastUpdateDate FROM project_info
2022-06-09 19:23:22.801 [http-nio-8085-exec-6] DEBUG c.a.q.d.P.queryProjectList -==>  Preparing: SELECT id,user_id as userId,project_name as projectName,created_by as createdBy,project_content as projectContent, creation_date as creationDate,last_updated_by as lastUpdatedBy,last_update_date as lastUpdateDate FROM project_info
2022-06-09 19:23:22.802 [http-nio-8085-exec-6] DEBUG c.a.q.d.P.queryProjectList -==> Parameters: 
2022-06-09 19:23:22.802 [http-nio-8085-exec-6] DEBUG c.a.q.d.P.queryProjectList -==> Parameters: 
2022-06-09 19:23:22.853 [http-nio-8085-exec-6] DEBUG c.a.q.d.P.queryProjectList -<==      Total: 2
2022-06-09 19:23:22.853 [http-nio-8085-exec-6] DEBUG c.a.q.d.P.queryProjectList -<==      Total: 2
2022-06-09 19:24:02.616 [http-nio-8085-exec-8] DEBUG c.a.q.d.U.queryUserList_COUNT -==>  Preparing: SELECT count(0) FROM user_info WHERE '' = '' OR username LIKE '%%'
2022-06-09 19:24:02.616 [http-nio-8085-exec-8] DEBUG c.a.q.d.U.queryUserList_COUNT -==>  Preparing: SELECT count(0) FROM user_info WHERE '' = '' OR username LIKE '%%'
2022-06-09 19:24:02.617 [http-nio-8085-exec-8] DEBUG c.a.q.d.U.queryUserList_COUNT -==> Parameters: 
2022-06-09 19:24:02.617 [http-nio-8085-exec-8] DEBUG c.a.q.d.U.queryUserList_COUNT -==> Parameters: 
2022-06-09 19:24:02.667 [http-nio-8085-exec-8] DEBUG c.a.q.d.U.queryUserList_COUNT -<==      Total: 1
2022-06-09 19:24:02.667 [http-nio-8085-exec-8] DEBUG c.a.q.d.U.queryUserList_COUNT -<==      Total: 1
2022-06-09 19:24:02.668 [http-nio-8085-exec-8] DEBUG c.a.q.d.U.queryUserList -==>  Preparing: SELECT id,username,password,start_time as startTime,stop_time as endTime,status,creation_date as creationDate FROM user_info WHERE '' = '' OR username LIKE '%%' ORDER BY creationDate DESC LIMIT 10
2022-06-09 19:24:02.668 [http-nio-8085-exec-8] DEBUG c.a.q.d.U.queryUserList -==>  Preparing: SELECT id,username,password,start_time as startTime,stop_time as endTime,status,creation_date as creationDate FROM user_info WHERE '' = '' OR username LIKE '%%' ORDER BY creationDate DESC LIMIT 10
2022-06-09 19:24:02.668 [http-nio-8085-exec-8] DEBUG c.a.q.d.U.queryUserList -==> Parameters: 
2022-06-09 19:24:02.668 [http-nio-8085-exec-8] DEBUG c.a.q.d.U.queryUserList -==> Parameters: 
2022-06-09 19:24:02.719 [http-nio-8085-exec-8] DEBUG c.a.q.d.U.queryUserList -<==      Total: 10
2022-06-09 19:24:02.719 [http-nio-8085-exec-8] DEBUG c.a.q.d.U.queryUserList -<==      Total: 10
2022-06-09 19:48:33.558 [http-nio-8085-exec-10] DEBUG c.a.q.d.U.selectUserInfo -==>  Preparing: SELECT id,username,`password`,status FROM user_info WHERE username = ? AND status = "1"
2022-06-09 19:48:33.558 [http-nio-8085-exec-10] DEBUG c.a.q.d.U.selectUserInfo -==>  Preparing: SELECT id,username,`password`,status FROM user_info WHERE username = ? AND status = "1"
2022-06-09 19:48:33.571 [http-nio-8085-exec-10] DEBUG c.a.q.d.U.selectUserInfo -==> Parameters: admin(String)
2022-06-09 19:48:33.571 [http-nio-8085-exec-10] DEBUG c.a.q.d.U.selectUserInfo -==> Parameters: admin(String)
2022-06-09 19:48:33.629 [http-nio-8085-exec-10] DEBUG c.a.q.d.U.selectUserInfo -<==      Total: 1
2022-06-09 19:48:33.629 [http-nio-8085-exec-10] DEBUG c.a.q.d.U.selectUserInfo -<==      Total: 1
2022-06-09 19:48:33.707 [http-nio-8085-exec-6] DEBUG c.a.q.d.P.queryProjectList -==>  Preparing: SELECT id,user_id as userId,project_name as projectName,created_by as createdBy,project_content as projectContent, creation_date as creationDate,last_updated_by as lastUpdatedBy,last_update_date as lastUpdateDate FROM project_info
2022-06-09 19:48:33.707 [http-nio-8085-exec-6] DEBUG c.a.q.d.P.queryProjectList -==>  Preparing: SELECT id,user_id as userId,project_name as projectName,created_by as createdBy,project_content as projectContent, creation_date as creationDate,last_updated_by as lastUpdatedBy,last_update_date as lastUpdateDate FROM project_info
2022-06-09 19:48:33.707 [http-nio-8085-exec-6] DEBUG c.a.q.d.P.queryProjectList -==> Parameters: 
2022-06-09 19:48:33.707 [http-nio-8085-exec-6] DEBUG c.a.q.d.P.queryProjectList -==> Parameters: 
2022-06-09 19:48:33.756 [http-nio-8085-exec-6] DEBUG c.a.q.d.P.queryProjectList -<==      Total: 2
2022-06-09 19:48:33.756 [http-nio-8085-exec-6] DEBUG c.a.q.d.P.queryProjectList -<==      Total: 2
2022-06-09 19:48:38.098 [http-nio-8085-exec-9] DEBUG c.a.q.d.U.queryUserList_COUNT -==>  Preparing: SELECT count(0) FROM user_info WHERE '' = '' OR username LIKE '%%'
2022-06-09 19:48:38.098 [http-nio-8085-exec-9] DEBUG c.a.q.d.U.queryUserList_COUNT -==>  Preparing: SELECT count(0) FROM user_info WHERE '' = '' OR username LIKE '%%'
2022-06-09 19:48:38.099 [http-nio-8085-exec-9] DEBUG c.a.q.d.U.queryUserList_COUNT -==> Parameters: 
2022-06-09 19:48:38.099 [http-nio-8085-exec-9] DEBUG c.a.q.d.U.queryUserList_COUNT -==> Parameters: 
2022-06-09 19:48:38.144 [http-nio-8085-exec-9] DEBUG c.a.q.d.U.queryUserList_COUNT -<==      Total: 1
2022-06-09 19:48:38.144 [http-nio-8085-exec-9] DEBUG c.a.q.d.U.queryUserList_COUNT -<==      Total: 1
2022-06-09 19:48:38.145 [http-nio-8085-exec-9] DEBUG c.a.q.d.U.queryUserList -==>  Preparing: SELECT id,username,password,start_time as startTime,stop_time as endTime,status,creation_date as creationDate FROM user_info WHERE '' = '' OR username LIKE '%%' ORDER BY creationDate DESC LIMIT 10
2022-06-09 19:48:38.145 [http-nio-8085-exec-9] DEBUG c.a.q.d.U.queryUserList -==>  Preparing: SELECT id,username,password,start_time as startTime,stop_time as endTime,status,creation_date as creationDate FROM user_info WHERE '' = '' OR username LIKE '%%' ORDER BY creationDate DESC LIMIT 10
2022-06-09 19:48:38.145 [http-nio-8085-exec-9] DEBUG c.a.q.d.U.queryUserList -==> Parameters: 
2022-06-09 19:48:38.145 [http-nio-8085-exec-9] DEBUG c.a.q.d.U.queryUserList -==> Parameters: 
2022-06-09 19:48:38.190 [http-nio-8085-exec-9] DEBUG c.a.q.d.U.queryUserList -<==      Total: 10
2022-06-09 19:48:38.190 [http-nio-8085-exec-9] DEBUG c.a.q.d.U.queryUserList -<==      Total: 10
2022-06-09 19:50:46.292 [http-nio-8085-exec-10] DEBUG c.a.q.d.U.queryUserList_COUNT -==>  Preparing: SELECT count(0) FROM user_info WHERE '11' = '' OR username LIKE '%11%'
2022-06-09 19:50:46.292 [http-nio-8085-exec-10] DEBUG c.a.q.d.U.queryUserList_COUNT -==>  Preparing: SELECT count(0) FROM user_info WHERE '11' = '' OR username LIKE '%11%'
2022-06-09 19:50:46.292 [http-nio-8085-exec-10] DEBUG c.a.q.d.U.queryUserList_COUNT -==> Parameters: 
2022-06-09 19:50:46.292 [http-nio-8085-exec-10] DEBUG c.a.q.d.U.queryUserList_COUNT -==> Parameters: 
2022-06-09 19:50:46.337 [http-nio-8085-exec-10] DEBUG c.a.q.d.U.queryUserList_COUNT -<==      Total: 1
2022-06-09 19:50:46.337 [http-nio-8085-exec-10] DEBUG c.a.q.d.U.queryUserList_COUNT -<==      Total: 1
2022-06-09 19:50:46.337 [http-nio-8085-exec-10] DEBUG c.a.q.d.U.queryUserList -==>  Preparing: SELECT id,username,password,start_time as startTime,stop_time as endTime,status,creation_date as creationDate FROM user_info WHERE '11' = '' OR username LIKE '%11%' ORDER BY creationDate DESC LIMIT 10
2022-06-09 19:50:46.337 [http-nio-8085-exec-10] DEBUG c.a.q.d.U.queryUserList -==>  Preparing: SELECT id,username,password,start_time as startTime,stop_time as endTime,status,creation_date as creationDate FROM user_info WHERE '11' = '' OR username LIKE '%11%' ORDER BY creationDate DESC LIMIT 10
2022-06-09 19:50:46.337 [http-nio-8085-exec-10] DEBUG c.a.q.d.U.queryUserList -==> Parameters: 
2022-06-09 19:50:46.337 [http-nio-8085-exec-10] DEBUG c.a.q.d.U.queryUserList -==> Parameters: 
2022-06-09 19:50:46.382 [http-nio-8085-exec-10] DEBUG c.a.q.d.U.queryUserList -<==      Total: 3
2022-06-09 19:50:46.382 [http-nio-8085-exec-10] DEBUG c.a.q.d.U.queryUserList -<==      Total: 3
2022-06-09 19:50:49.137 [http-nio-8085-exec-5] DEBUG c.a.q.d.U.queryUserList_COUNT -==>  Preparing: SELECT count(0) FROM user_info WHERE '' = '' OR username LIKE '%%'
2022-06-09 19:50:49.137 [http-nio-8085-exec-5] DEBUG c.a.q.d.U.queryUserList_COUNT -==>  Preparing: SELECT count(0) FROM user_info WHERE '' = '' OR username LIKE '%%'
2022-06-09 19:50:49.137 [http-nio-8085-exec-5] DEBUG c.a.q.d.U.queryUserList_COUNT -==> Parameters: 
2022-06-09 19:50:49.137 [http-nio-8085-exec-5] DEBUG c.a.q.d.U.queryUserList_COUNT -==> Parameters: 
2022-06-09 19:50:49.182 [http-nio-8085-exec-5] DEBUG c.a.q.d.U.queryUserList_COUNT -<==      Total: 1
2022-06-09 19:50:49.182 [http-nio-8085-exec-5] DEBUG c.a.q.d.U.queryUserList_COUNT -<==      Total: 1
2022-06-09 19:50:49.182 [http-nio-8085-exec-5] DEBUG c.a.q.d.U.queryUserList -==>  Preparing: SELECT id,username,password,start_time as startTime,stop_time as endTime,status,creation_date as creationDate FROM user_info WHERE '' = '' OR username LIKE '%%' ORDER BY creationDate DESC LIMIT 10
2022-06-09 19:50:49.182 [http-nio-8085-exec-5] DEBUG c.a.q.d.U.queryUserList -==>  Preparing: SELECT id,username,password,start_time as startTime,stop_time as endTime,status,creation_date as creationDate FROM user_info WHERE '' = '' OR username LIKE '%%' ORDER BY creationDate DESC LIMIT 10
2022-06-09 19:50:49.182 [http-nio-8085-exec-5] DEBUG c.a.q.d.U.queryUserList -==> Parameters: 
2022-06-09 19:50:49.182 [http-nio-8085-exec-5] DEBUG c.a.q.d.U.queryUserList -==> Parameters: 
2022-06-09 19:50:49.269 [http-nio-8085-exec-5] DEBUG c.a.q.d.U.queryUserList -<==      Total: 10
2022-06-09 19:50:49.269 [http-nio-8085-exec-5] DEBUG c.a.q.d.U.queryUserList -<==      Total: 10
