2022-06-04 14:42:46.033 [http-nio-8085-exec-6] DEBUG c.a.q.d.U.selectUserInfo -==>  Preparing: SELECT id,username,`password`,status FROM user_info WHERE username = ? AND status = "1"
2022-06-04 14:42:46.033 [http-nio-8085-exec-6] DEBUG c.a.q.d.U.selectUserInfo -==>  Preparing: SELECT id,username,`password`,status FROM user_info WHERE username = ? AND status = "1"
2022-06-04 14:42:46.071 [http-nio-8085-exec-6] DEBUG c.a.q.d.U.selectUserInfo -==> Parameters: admin(String)
2022-06-04 14:42:46.071 [http-nio-8085-exec-6] DEBUG c.a.q.d.U.selectUserInfo -==> Parameters: admin(String)
2022-06-04 14:42:46.203 [http-nio-8085-exec-6] DEBUG c.a.q.d.U.selectUserInfo -<==      Total: 1
2022-06-04 14:42:46.203 [http-nio-8085-exec-6] DEBUG c.a.q.d.U.selectUserInfo -<==      Total: 1
2022-06-04 14:42:46.425 [http-nio-8085-exec-2] DEBUG c.a.q.d.P.queryProjectList -==>  Preparing: SELECT id,user_id as userId,project_name as projectName,created_by as createdBy,project_content as projectContent, creation_date as creationDate,last_updated_by as lastUpdatedBy,last_update_date as lastUpdateDate FROM project_info
2022-06-04 14:42:46.425 [http-nio-8085-exec-2] DEBUG c.a.q.d.P.queryProjectList -==>  Preparing: SELECT id,user_id as userId,project_name as projectName,created_by as createdBy,project_content as projectContent, creation_date as creationDate,last_updated_by as lastUpdatedBy,last_update_date as lastUpdateDate FROM project_info
2022-06-04 14:42:46.428 [http-nio-8085-exec-2] DEBUG c.a.q.d.P.queryProjectList -==> Parameters: 
2022-06-04 14:42:46.428 [http-nio-8085-exec-2] DEBUG c.a.q.d.P.queryProjectList -==> Parameters: 
2022-06-04 14:42:46.449 [http-nio-8085-exec-2] DEBUG c.a.q.d.P.queryProjectList -<==      Total: 2
2022-06-04 14:42:46.449 [http-nio-8085-exec-2] DEBUG c.a.q.d.P.queryProjectList -<==      Total: 2
2022-06-04 14:42:52.056 [http-nio-8085-exec-8] DEBUG c.a.q.d.P.queryProjectList -==>  Preparing: SELECT id,user_id as userId,project_name as projectName,created_by as createdBy,project_content as projectContent, creation_date as creationDate,last_updated_by as lastUpdatedBy,last_update_date as lastUpdateDate FROM project_info
2022-06-04 14:42:52.056 [http-nio-8085-exec-8] DEBUG c.a.q.d.P.queryProjectList -==>  Preparing: SELECT id,user_id as userId,project_name as projectName,created_by as createdBy,project_content as projectContent, creation_date as creationDate,last_updated_by as lastUpdatedBy,last_update_date as lastUpdateDate FROM project_info
2022-06-04 14:42:52.058 [http-nio-8085-exec-8] DEBUG c.a.q.d.P.queryProjectList -==> Parameters: 
2022-06-04 14:42:52.058 [http-nio-8085-exec-8] DEBUG c.a.q.d.P.queryProjectList -==> Parameters: 
2022-06-04 14:42:52.061 [http-nio-8085-exec-8] DEBUG c.a.q.d.P.queryProjectList -<==      Total: 2
2022-06-04 14:42:52.061 [http-nio-8085-exec-8] DEBUG c.a.q.d.P.queryProjectList -<==      Total: 2
2022-06-04 14:43:10.404 [http-nio-8085-exec-5] DEBUG c.a.q.d.P.queryProjectList -==>  Preparing: SELECT id,user_id as userId,project_name as projectName,created_by as createdBy,project_content as projectContent, creation_date as creationDate,last_updated_by as lastUpdatedBy,last_update_date as lastUpdateDate FROM project_info
2022-06-04 14:43:10.404 [http-nio-8085-exec-5] DEBUG c.a.q.d.P.queryProjectList -==>  Preparing: SELECT id,user_id as userId,project_name as projectName,created_by as createdBy,project_content as projectContent, creation_date as creationDate,last_updated_by as lastUpdatedBy,last_update_date as lastUpdateDate FROM project_info
2022-06-04 14:43:10.405 [http-nio-8085-exec-5] DEBUG c.a.q.d.P.queryProjectList -==> Parameters: 
2022-06-04 14:43:10.405 [http-nio-8085-exec-5] DEBUG c.a.q.d.P.queryProjectList -==> Parameters: 
2022-06-04 14:43:10.409 [http-nio-8085-exec-5] DEBUG c.a.q.d.P.queryProjectList -<==      Total: 2
2022-06-04 14:43:10.409 [http-nio-8085-exec-5] DEBUG c.a.q.d.P.queryProjectList -<==      Total: 2
2022-06-04 14:43:27.904 [http-nio-8085-exec-6] DEBUG c.a.q.d.P.queryProjectList -==>  Preparing: SELECT id,user_id as userId,project_name as projectName,created_by as createdBy,project_content as projectContent, creation_date as creationDate,last_updated_by as lastUpdatedBy,last_update_date as lastUpdateDate FROM project_info
2022-06-04 14:43:27.904 [http-nio-8085-exec-6] DEBUG c.a.q.d.P.queryProjectList -==>  Preparing: SELECT id,user_id as userId,project_name as projectName,created_by as createdBy,project_content as projectContent, creation_date as creationDate,last_updated_by as lastUpdatedBy,last_update_date as lastUpdateDate FROM project_info
2022-06-04 14:43:27.906 [http-nio-8085-exec-6] DEBUG c.a.q.d.P.queryProjectList -==> Parameters: 
2022-06-04 14:43:27.906 [http-nio-8085-exec-6] DEBUG c.a.q.d.P.queryProjectList -==> Parameters: 
2022-06-04 14:43:27.910 [http-nio-8085-exec-6] DEBUG c.a.q.d.P.queryProjectList -<==      Total: 2
2022-06-04 14:43:27.910 [http-nio-8085-exec-6] DEBUG c.a.q.d.P.queryProjectList -<==      Total: 2
2022-06-04 14:43:57.953 [http-nio-8085-exec-10] DEBUG c.a.q.d.P.queryProjectList -==>  Preparing: SELECT id,user_id as userId,project_name as projectName,created_by as createdBy,project_content as projectContent, creation_date as creationDate,last_updated_by as lastUpdatedBy,last_update_date as lastUpdateDate FROM project_info
2022-06-04 14:43:57.953 [http-nio-8085-exec-10] DEBUG c.a.q.d.P.queryProjectList -==>  Preparing: SELECT id,user_id as userId,project_name as projectName,created_by as createdBy,project_content as projectContent, creation_date as creationDate,last_updated_by as lastUpdatedBy,last_update_date as lastUpdateDate FROM project_info
2022-06-04 14:43:57.954 [http-nio-8085-exec-10] DEBUG c.a.q.d.P.queryProjectList -==> Parameters: 
2022-06-04 14:43:57.954 [http-nio-8085-exec-10] DEBUG c.a.q.d.P.queryProjectList -==> Parameters: 
2022-06-04 14:43:57.958 [http-nio-8085-exec-10] DEBUG c.a.q.d.P.queryProjectList -<==      Total: 2
2022-06-04 14:43:57.958 [http-nio-8085-exec-10] DEBUG c.a.q.d.P.queryProjectList -<==      Total: 2
2022-06-04 14:44:18.818 [http-nio-8085-exec-3] DEBUG c.a.q.d.P.queryProjectList -==>  Preparing: SELECT id,user_id as userId,project_name as projectName,created_by as createdBy,project_content as projectContent, creation_date as creationDate,last_updated_by as lastUpdatedBy,last_update_date as lastUpdateDate FROM project_info
2022-06-04 14:44:18.818 [http-nio-8085-exec-3] DEBUG c.a.q.d.P.queryProjectList -==>  Preparing: SELECT id,user_id as userId,project_name as projectName,created_by as createdBy,project_content as projectContent, creation_date as creationDate,last_updated_by as lastUpdatedBy,last_update_date as lastUpdateDate FROM project_info
2022-06-04 14:44:18.819 [http-nio-8085-exec-3] DEBUG c.a.q.d.P.queryProjectList -==> Parameters: 
2022-06-04 14:44:18.819 [http-nio-8085-exec-3] DEBUG c.a.q.d.P.queryProjectList -==> Parameters: 
2022-06-04 14:44:18.822 [http-nio-8085-exec-3] DEBUG c.a.q.d.P.queryProjectList -<==      Total: 2
2022-06-04 14:44:18.822 [http-nio-8085-exec-3] DEBUG c.a.q.d.P.queryProjectList -<==      Total: 2
2022-06-04 14:44:33.087 [http-nio-8085-exec-7] DEBUG c.a.q.d.P.queryProjectList -==>  Preparing: SELECT id,user_id as userId,project_name as projectName,created_by as createdBy,project_content as projectContent, creation_date as creationDate,last_updated_by as lastUpdatedBy,last_update_date as lastUpdateDate FROM project_info
2022-06-04 14:44:33.087 [http-nio-8085-exec-7] DEBUG c.a.q.d.P.queryProjectList -==>  Preparing: SELECT id,user_id as userId,project_name as projectName,created_by as createdBy,project_content as projectContent, creation_date as creationDate,last_updated_by as lastUpdatedBy,last_update_date as lastUpdateDate FROM project_info
2022-06-04 14:44:33.088 [http-nio-8085-exec-7] DEBUG c.a.q.d.P.queryProjectList -==> Parameters: 
2022-06-04 14:44:33.088 [http-nio-8085-exec-7] DEBUG c.a.q.d.P.queryProjectList -==> Parameters: 
2022-06-04 14:44:33.091 [http-nio-8085-exec-7] DEBUG c.a.q.d.P.queryProjectList -<==      Total: 2
2022-06-04 14:44:33.091 [http-nio-8085-exec-7] DEBUG c.a.q.d.P.queryProjectList -<==      Total: 2
2022-06-04 14:44:46.849 [http-nio-8085-exec-1] DEBUG c.a.q.d.P.queryProjectList -==>  Preparing: SELECT id,user_id as userId,project_name as projectName,created_by as createdBy,project_content as projectContent, creation_date as creationDate,last_updated_by as lastUpdatedBy,last_update_date as lastUpdateDate FROM project_info
2022-06-04 14:44:46.849 [http-nio-8085-exec-1] DEBUG c.a.q.d.P.queryProjectList -==>  Preparing: SELECT id,user_id as userId,project_name as projectName,created_by as createdBy,project_content as projectContent, creation_date as creationDate,last_updated_by as lastUpdatedBy,last_update_date as lastUpdateDate FROM project_info
2022-06-04 14:44:46.851 [http-nio-8085-exec-1] DEBUG c.a.q.d.P.queryProjectList -==> Parameters: 
2022-06-04 14:44:46.851 [http-nio-8085-exec-1] DEBUG c.a.q.d.P.queryProjectList -==> Parameters: 
2022-06-04 14:44:46.854 [http-nio-8085-exec-1] DEBUG c.a.q.d.P.queryProjectList -<==      Total: 2
2022-06-04 14:44:46.854 [http-nio-8085-exec-1] DEBUG c.a.q.d.P.queryProjectList -<==      Total: 2
2022-06-04 14:45:28.578 [http-nio-8085-exec-6] DEBUG c.a.q.d.P.queryProjectList -==>  Preparing: SELECT id,user_id as userId,project_name as projectName,created_by as createdBy,project_content as projectContent, creation_date as creationDate,last_updated_by as lastUpdatedBy,last_update_date as lastUpdateDate FROM project_info
2022-06-04 14:45:28.578 [http-nio-8085-exec-6] DEBUG c.a.q.d.P.queryProjectList -==>  Preparing: SELECT id,user_id as userId,project_name as projectName,created_by as createdBy,project_content as projectContent, creation_date as creationDate,last_updated_by as lastUpdatedBy,last_update_date as lastUpdateDate FROM project_info
2022-06-04 14:45:28.580 [http-nio-8085-exec-6] DEBUG c.a.q.d.P.queryProjectList -==> Parameters: 
2022-06-04 14:45:28.580 [http-nio-8085-exec-6] DEBUG c.a.q.d.P.queryProjectList -==> Parameters: 
2022-06-04 14:45:28.583 [http-nio-8085-exec-6] DEBUG c.a.q.d.P.queryProjectList -<==      Total: 2
2022-06-04 14:45:28.583 [http-nio-8085-exec-6] DEBUG c.a.q.d.P.queryProjectList -<==      Total: 2
2022-06-04 14:45:51.198 [http-nio-8085-exec-3] DEBUG c.a.q.d.P.queryProjectList -==>  Preparing: SELECT id,user_id as userId,project_name as projectName,created_by as createdBy,project_content as projectContent, creation_date as creationDate,last_updated_by as lastUpdatedBy,last_update_date as lastUpdateDate FROM project_info
2022-06-04 14:45:51.198 [http-nio-8085-exec-3] DEBUG c.a.q.d.P.queryProjectList -==>  Preparing: SELECT id,user_id as userId,project_name as projectName,created_by as createdBy,project_content as projectContent, creation_date as creationDate,last_updated_by as lastUpdatedBy,last_update_date as lastUpdateDate FROM project_info
2022-06-04 14:45:51.201 [http-nio-8085-exec-3] DEBUG c.a.q.d.P.queryProjectList -==> Parameters: 
2022-06-04 14:45:51.201 [http-nio-8085-exec-3] DEBUG c.a.q.d.P.queryProjectList -==> Parameters: 
2022-06-04 14:45:51.211 [http-nio-8085-exec-3] DEBUG c.a.q.d.P.queryProjectList -<==      Total: 2
2022-06-04 14:45:51.211 [http-nio-8085-exec-3] DEBUG c.a.q.d.P.queryProjectList -<==      Total: 2
2022-06-04 15:53:21.127 [http-nio-8085-exec-9] DEBUG c.a.q.d.U.selectUserInfo -==>  Preparing: SELECT id,username,`password`,status FROM user_info WHERE username = ? AND status = "1"
2022-06-04 15:53:21.127 [http-nio-8085-exec-9] DEBUG c.a.q.d.U.selectUserInfo -==>  Preparing: SELECT id,username,`password`,status FROM user_info WHERE username = ? AND status = "1"
2022-06-04 15:53:21.128 [http-nio-8085-exec-9] DEBUG c.a.q.d.U.selectUserInfo -==> Parameters: admin(String)
2022-06-04 15:53:21.128 [http-nio-8085-exec-9] DEBUG c.a.q.d.U.selectUserInfo -==> Parameters: admin(String)
2022-06-04 15:53:21.131 [http-nio-8085-exec-9] DEBUG c.a.q.d.U.selectUserInfo -<==      Total: 1
2022-06-04 15:53:21.131 [http-nio-8085-exec-9] DEBUG c.a.q.d.U.selectUserInfo -<==      Total: 1
2022-06-04 15:53:21.242 [http-nio-8085-exec-4] DEBUG c.a.q.d.P.queryProjectList -==>  Preparing: SELECT id,user_id as userId,project_name as projectName,created_by as createdBy,project_content as projectContent, creation_date as creationDate,last_updated_by as lastUpdatedBy,last_update_date as lastUpdateDate FROM project_info
2022-06-04 15:53:21.242 [http-nio-8085-exec-4] DEBUG c.a.q.d.P.queryProjectList -==>  Preparing: SELECT id,user_id as userId,project_name as projectName,created_by as createdBy,project_content as projectContent, creation_date as creationDate,last_updated_by as lastUpdatedBy,last_update_date as lastUpdateDate FROM project_info
2022-06-04 15:53:21.244 [http-nio-8085-exec-4] DEBUG c.a.q.d.P.queryProjectList -==> Parameters: 
2022-06-04 15:53:21.244 [http-nio-8085-exec-4] DEBUG c.a.q.d.P.queryProjectList -==> Parameters: 
2022-06-04 15:53:21.248 [http-nio-8085-exec-4] DEBUG c.a.q.d.P.queryProjectList -<==      Total: 2
2022-06-04 15:53:21.248 [http-nio-8085-exec-4] DEBUG c.a.q.d.P.queryProjectList -<==      Total: 2
