2022-07-01 18:17:46.440 [http-nio-8085-exec-4] DEBUG c.a.q.d.U.selectUserInfo -==>  Preparing: SELECT id,username,`password`,status FROM user_info WHERE username = ? AND status = "1"
2022-07-01 18:17:46.440 [http-nio-8085-exec-4] DEBUG c.a.q.d.U.selectUserInfo -==>  Preparing: SELECT id,username,`password`,status FROM user_info WHERE username = ? AND status = "1"
2022-07-01 18:17:46.455 [http-nio-8085-exec-4] DEBUG c.a.q.d.U.selectUserInfo -==> Parameters: admin(String)
2022-07-01 18:17:46.455 [http-nio-8085-exec-4] DEBUG c.a.q.d.U.selectUserInfo -==> Parameters: admin(String)
2022-07-01 18:17:46.510 [http-nio-8085-exec-4] DEBUG c.a.q.d.U.selectUserInfo -<==      Total: 1
2022-07-01 18:17:46.510 [http-nio-8085-exec-4] DEBUG c.a.q.d.U.selectUserInfo -<==      Total: 1
2022-07-01 18:17:46.619 [http-nio-8085-exec-10] DEBUG c.a.q.d.P.queryProjectList -==>  Preparing: SELECT id,user_id as userId,project_name as projectName,created_by as createdBy,project_content as projectContent, creation_date as creationDate,last_updated_by as lastUpdatedBy,last_update_date as lastUpdateDate FROM project_info WHERE created_by=? AND('' = '' OR project_name LIKE '%%')
2022-07-01 18:17:46.619 [http-nio-8085-exec-10] DEBUG c.a.q.d.P.queryProjectList -==>  Preparing: SELECT id,user_id as userId,project_name as projectName,created_by as createdBy,project_content as projectContent, creation_date as creationDate,last_updated_by as lastUpdatedBy,last_update_date as lastUpdateDate FROM project_info WHERE created_by=? AND('' = '' OR project_name LIKE '%%')
2022-07-01 18:17:46.620 [http-nio-8085-exec-10] DEBUG c.a.q.d.P.queryProjectList -==> Parameters: admin(String)
2022-07-01 18:17:46.620 [http-nio-8085-exec-10] DEBUG c.a.q.d.P.queryProjectList -==> Parameters: admin(String)
2022-07-01 18:17:46.667 [http-nio-8085-exec-10] DEBUG c.a.q.d.P.queryProjectList -<==      Total: 3
2022-07-01 18:17:46.667 [http-nio-8085-exec-10] DEBUG c.a.q.d.P.queryProjectList -<==      Total: 3
2022-07-01 20:44:24.159 [http-nio-8085-exec-5] DEBUG c.a.q.d.P.queryProjectList -==>  Preparing: SELECT id,user_id as userId,project_name as projectName,created_by as createdBy,project_content as projectContent, creation_date as creationDate,last_updated_by as lastUpdatedBy,last_update_date as lastUpdateDate FROM project_info WHERE created_by=? AND('' = '' OR project_name LIKE '%%')
2022-07-01 20:44:24.159 [http-nio-8085-exec-5] DEBUG c.a.q.d.P.queryProjectList -==>  Preparing: SELECT id,user_id as userId,project_name as projectName,created_by as createdBy,project_content as projectContent, creation_date as creationDate,last_updated_by as lastUpdatedBy,last_update_date as lastUpdateDate FROM project_info WHERE created_by=? AND('' = '' OR project_name LIKE '%%')
2022-07-01 20:44:24.176 [http-nio-8085-exec-5] DEBUG c.a.q.d.P.queryProjectList -==> Parameters: admin(String)
2022-07-01 20:44:24.176 [http-nio-8085-exec-5] DEBUG c.a.q.d.P.queryProjectList -==> Parameters: admin(String)
2022-07-01 20:44:24.236 [http-nio-8085-exec-5] DEBUG c.a.q.d.P.queryProjectList -<==      Total: 3
2022-07-01 20:44:24.236 [http-nio-8085-exec-5] DEBUG c.a.q.d.P.queryProjectList -<==      Total: 3
2022-07-01 21:04:35.863 [http-nio-8085-exec-2] DEBUG c.a.q.d.P.queryProjectList -==>  Preparing: SELECT id,user_id as userId,project_name as projectName,created_by as createdBy,project_content as projectContent, creation_date as creationDate,last_updated_by as lastUpdatedBy,last_update_date as lastUpdateDate FROM project_info WHERE created_by=? AND('' = '' OR project_name LIKE '%%')
2022-07-01 21:04:35.863 [http-nio-8085-exec-2] DEBUG c.a.q.d.P.queryProjectList -==>  Preparing: SELECT id,user_id as userId,project_name as projectName,created_by as createdBy,project_content as projectContent, creation_date as creationDate,last_updated_by as lastUpdatedBy,last_update_date as lastUpdateDate FROM project_info WHERE created_by=? AND('' = '' OR project_name LIKE '%%')
2022-07-01 21:04:35.864 [http-nio-8085-exec-2] DEBUG c.a.q.d.P.queryProjectList -==> Parameters: admin(String)
2022-07-01 21:04:35.864 [http-nio-8085-exec-2] DEBUG c.a.q.d.P.queryProjectList -==> Parameters: admin(String)
2022-07-01 21:04:35.909 [http-nio-8085-exec-2] DEBUG c.a.q.d.P.queryProjectList -<==      Total: 3
2022-07-01 21:04:35.909 [http-nio-8085-exec-2] DEBUG c.a.q.d.P.queryProjectList -<==      Total: 3
2022-07-01 21:04:38.339 [http-nio-8085-exec-6] DEBUG c.a.q.d.P.queryProjectList -==>  Preparing: SELECT id,user_id as userId,project_name as projectName,created_by as createdBy,project_content as projectContent, creation_date as creationDate,last_updated_by as lastUpdatedBy,last_update_date as lastUpdateDate FROM project_info WHERE created_by=? AND('' = '' OR project_name LIKE '%%')
2022-07-01 21:04:38.339 [http-nio-8085-exec-6] DEBUG c.a.q.d.P.queryProjectList -==>  Preparing: SELECT id,user_id as userId,project_name as projectName,created_by as createdBy,project_content as projectContent, creation_date as creationDate,last_updated_by as lastUpdatedBy,last_update_date as lastUpdateDate FROM project_info WHERE created_by=? AND('' = '' OR project_name LIKE '%%')
2022-07-01 21:04:38.340 [http-nio-8085-exec-6] DEBUG c.a.q.d.P.queryProjectList -==> Parameters: null
2022-07-01 21:04:38.340 [http-nio-8085-exec-6] DEBUG c.a.q.d.P.queryProjectList -==> Parameters: null
2022-07-01 21:04:38.386 [http-nio-8085-exec-6] DEBUG c.a.q.d.P.queryProjectList -<==      Total: 0
2022-07-01 21:04:38.386 [http-nio-8085-exec-6] DEBUG c.a.q.d.P.queryProjectList -<==      Total: 0
2022-07-01 21:04:41.451 [http-nio-8085-exec-10] DEBUG c.a.q.d.P.queryProjectList -==>  Preparing: SELECT id,user_id as userId,project_name as projectName,created_by as createdBy,project_content as projectContent, creation_date as creationDate,last_updated_by as lastUpdatedBy,last_update_date as lastUpdateDate FROM project_info WHERE created_by=? AND('' = '' OR project_name LIKE '%%')
2022-07-01 21:04:41.451 [http-nio-8085-exec-10] DEBUG c.a.q.d.P.queryProjectList -==>  Preparing: SELECT id,user_id as userId,project_name as projectName,created_by as createdBy,project_content as projectContent, creation_date as creationDate,last_updated_by as lastUpdatedBy,last_update_date as lastUpdateDate FROM project_info WHERE created_by=? AND('' = '' OR project_name LIKE '%%')
2022-07-01 21:04:41.451 [http-nio-8085-exec-10] DEBUG c.a.q.d.P.queryProjectList -==> Parameters: admin(String)
2022-07-01 21:04:41.451 [http-nio-8085-exec-10] DEBUG c.a.q.d.P.queryProjectList -==> Parameters: admin(String)
2022-07-01 21:04:41.497 [http-nio-8085-exec-10] DEBUG c.a.q.d.P.queryProjectList -<==      Total: 3
2022-07-01 21:04:41.497 [http-nio-8085-exec-10] DEBUG c.a.q.d.P.queryProjectList -<==      Total: 3
2022-07-01 21:04:46.642 [http-nio-8085-exec-6] DEBUG c.a.q.d.P.queryProjectList -==>  Preparing: SELECT id,user_id as userId,project_name as projectName,created_by as createdBy,project_content as projectContent, creation_date as creationDate,last_updated_by as lastUpdatedBy,last_update_date as lastUpdateDate FROM project_info WHERE created_by=? AND('' = '' OR project_name LIKE '%%')
2022-07-01 21:04:46.642 [http-nio-8085-exec-6] DEBUG c.a.q.d.P.queryProjectList -==>  Preparing: SELECT id,user_id as userId,project_name as projectName,created_by as createdBy,project_content as projectContent, creation_date as creationDate,last_updated_by as lastUpdatedBy,last_update_date as lastUpdateDate FROM project_info WHERE created_by=? AND('' = '' OR project_name LIKE '%%')
2022-07-01 21:04:46.643 [http-nio-8085-exec-6] DEBUG c.a.q.d.P.queryProjectList -==> Parameters: admin(String)
2022-07-01 21:04:46.643 [http-nio-8085-exec-6] DEBUG c.a.q.d.P.queryProjectList -==> Parameters: admin(String)
2022-07-01 21:04:46.690 [http-nio-8085-exec-6] DEBUG c.a.q.d.P.queryProjectList -<==      Total: 3
2022-07-01 21:04:46.690 [http-nio-8085-exec-6] DEBUG c.a.q.d.P.queryProjectList -<==      Total: 3
2022-07-01 21:04:50.402 [http-nio-8085-exec-2] DEBUG c.a.q.d.P.queryProjectList -==>  Preparing: SELECT id,user_id as userId,project_name as projectName,created_by as createdBy,project_content as projectContent, creation_date as creationDate,last_updated_by as lastUpdatedBy,last_update_date as lastUpdateDate FROM project_info WHERE created_by=? AND('' = '' OR project_name LIKE '%%')
2022-07-01 21:04:50.402 [http-nio-8085-exec-2] DEBUG c.a.q.d.P.queryProjectList -==>  Preparing: SELECT id,user_id as userId,project_name as projectName,created_by as createdBy,project_content as projectContent, creation_date as creationDate,last_updated_by as lastUpdatedBy,last_update_date as lastUpdateDate FROM project_info WHERE created_by=? AND('' = '' OR project_name LIKE '%%')
2022-07-01 21:04:50.403 [http-nio-8085-exec-2] DEBUG c.a.q.d.P.queryProjectList -==> Parameters: null
2022-07-01 21:04:50.403 [http-nio-8085-exec-2] DEBUG c.a.q.d.P.queryProjectList -==> Parameters: null
2022-07-01 21:04:50.448 [http-nio-8085-exec-2] DEBUG c.a.q.d.P.queryProjectList -<==      Total: 0
2022-07-01 21:04:50.448 [http-nio-8085-exec-2] DEBUG c.a.q.d.P.queryProjectList -<==      Total: 0
2022-07-01 21:04:51.825 [http-nio-8085-exec-3] DEBUG c.a.q.d.P.queryProjectList -==>  Preparing: SELECT id,user_id as userId,project_name as projectName,created_by as createdBy,project_content as projectContent, creation_date as creationDate,last_updated_by as lastUpdatedBy,last_update_date as lastUpdateDate FROM project_info WHERE created_by=? AND('' = '' OR project_name LIKE '%%')
2022-07-01 21:04:51.825 [http-nio-8085-exec-3] DEBUG c.a.q.d.P.queryProjectList -==>  Preparing: SELECT id,user_id as userId,project_name as projectName,created_by as createdBy,project_content as projectContent, creation_date as creationDate,last_updated_by as lastUpdatedBy,last_update_date as lastUpdateDate FROM project_info WHERE created_by=? AND('' = '' OR project_name LIKE '%%')
2022-07-01 21:04:51.826 [http-nio-8085-exec-3] DEBUG c.a.q.d.P.queryProjectList -==> Parameters: admin(String)
2022-07-01 21:04:51.826 [http-nio-8085-exec-3] DEBUG c.a.q.d.P.queryProjectList -==> Parameters: admin(String)
2022-07-01 21:04:51.872 [http-nio-8085-exec-3] DEBUG c.a.q.d.P.queryProjectList -<==      Total: 3
2022-07-01 21:04:51.872 [http-nio-8085-exec-3] DEBUG c.a.q.d.P.queryProjectList -<==      Total: 3
2022-07-01 21:05:17.394 [http-nio-8085-exec-1] DEBUG c.a.q.d.U.queryUserList_COUNT -==>  Preparing: SELECT count(0) FROM user_info WHERE '' = '' OR username LIKE '%%'
2022-07-01 21:05:17.394 [http-nio-8085-exec-1] DEBUG c.a.q.d.U.queryUserList_COUNT -==>  Preparing: SELECT count(0) FROM user_info WHERE '' = '' OR username LIKE '%%'
2022-07-01 21:05:17.394 [http-nio-8085-exec-1] DEBUG c.a.q.d.U.queryUserList_COUNT -==> Parameters: 
2022-07-01 21:05:17.394 [http-nio-8085-exec-1] DEBUG c.a.q.d.U.queryUserList_COUNT -==> Parameters: 
2022-07-01 21:05:17.440 [http-nio-8085-exec-1] DEBUG c.a.q.d.U.queryUserList_COUNT -<==      Total: 1
2022-07-01 21:05:17.440 [http-nio-8085-exec-1] DEBUG c.a.q.d.U.queryUserList_COUNT -<==      Total: 1
2022-07-01 21:05:17.440 [http-nio-8085-exec-1] DEBUG c.a.q.d.U.queryUserList -==>  Preparing: SELECT id,username,password,start_time as startTime,stop_time as endTime,status,creation_date as creationDate FROM user_info WHERE '' = '' OR username LIKE '%%' ORDER BY creationDate DESC LIMIT 10
2022-07-01 21:05:17.440 [http-nio-8085-exec-1] DEBUG c.a.q.d.U.queryUserList -==>  Preparing: SELECT id,username,password,start_time as startTime,stop_time as endTime,status,creation_date as creationDate FROM user_info WHERE '' = '' OR username LIKE '%%' ORDER BY creationDate DESC LIMIT 10
2022-07-01 21:05:17.441 [http-nio-8085-exec-1] DEBUG c.a.q.d.U.queryUserList -==> Parameters: 
2022-07-01 21:05:17.441 [http-nio-8085-exec-1] DEBUG c.a.q.d.U.queryUserList -==> Parameters: 
2022-07-01 21:05:17.487 [http-nio-8085-exec-1] DEBUG c.a.q.d.U.queryUserList -<==      Total: 10
2022-07-01 21:05:17.487 [http-nio-8085-exec-1] DEBUG c.a.q.d.U.queryUserList -<==      Total: 10
2022-07-01 21:05:33.112 [http-nio-8085-exec-2] DEBUG c.a.q.d.U.queryUserList_COUNT -==>  Preparing: SELECT count(0) FROM user_info WHERE '' = '' OR username LIKE '%%'
2022-07-01 21:05:33.112 [http-nio-8085-exec-2] DEBUG c.a.q.d.U.queryUserList_COUNT -==>  Preparing: SELECT count(0) FROM user_info WHERE '' = '' OR username LIKE '%%'
2022-07-01 21:05:33.112 [http-nio-8085-exec-2] DEBUG c.a.q.d.U.queryUserList_COUNT -==> Parameters: 
2022-07-01 21:05:33.112 [http-nio-8085-exec-2] DEBUG c.a.q.d.U.queryUserList_COUNT -==> Parameters: 
2022-07-01 21:05:33.157 [http-nio-8085-exec-2] DEBUG c.a.q.d.U.queryUserList_COUNT -<==      Total: 1
2022-07-01 21:05:33.157 [http-nio-8085-exec-2] DEBUG c.a.q.d.U.queryUserList_COUNT -<==      Total: 1
2022-07-01 21:05:33.158 [http-nio-8085-exec-2] DEBUG c.a.q.d.U.queryUserList -==>  Preparing: SELECT id,username,password,start_time as startTime,stop_time as endTime,status,creation_date as creationDate FROM user_info WHERE '' = '' OR username LIKE '%%' ORDER BY creationDate DESC LIMIT 10
2022-07-01 21:05:33.158 [http-nio-8085-exec-2] DEBUG c.a.q.d.U.queryUserList -==>  Preparing: SELECT id,username,password,start_time as startTime,stop_time as endTime,status,creation_date as creationDate FROM user_info WHERE '' = '' OR username LIKE '%%' ORDER BY creationDate DESC LIMIT 10
2022-07-01 21:05:33.158 [http-nio-8085-exec-2] DEBUG c.a.q.d.U.queryUserList -==> Parameters: 
2022-07-01 21:05:33.158 [http-nio-8085-exec-2] DEBUG c.a.q.d.U.queryUserList -==> Parameters: 
2022-07-01 21:05:33.207 [http-nio-8085-exec-2] DEBUG c.a.q.d.U.queryUserList -<==      Total: 10
2022-07-01 21:05:33.207 [http-nio-8085-exec-2] DEBUG c.a.q.d.U.queryUserList -<==      Total: 10
2022-07-01 21:05:44.388 [http-nio-8085-exec-3] DEBUG c.a.q.d.P.queryProjectList -==>  Preparing: SELECT id,user_id as userId,project_name as projectName,created_by as createdBy,project_content as projectContent, creation_date as creationDate,last_updated_by as lastUpdatedBy,last_update_date as lastUpdateDate FROM project_info WHERE created_by=? AND('' = '' OR project_name LIKE '%%')
2022-07-01 21:05:44.388 [http-nio-8085-exec-3] DEBUG c.a.q.d.P.queryProjectList -==>  Preparing: SELECT id,user_id as userId,project_name as projectName,created_by as createdBy,project_content as projectContent, creation_date as creationDate,last_updated_by as lastUpdatedBy,last_update_date as lastUpdateDate FROM project_info WHERE created_by=? AND('' = '' OR project_name LIKE '%%')
2022-07-01 21:05:44.388 [http-nio-8085-exec-3] DEBUG c.a.q.d.P.queryProjectList -==> Parameters: admin(String)
2022-07-01 21:05:44.388 [http-nio-8085-exec-3] DEBUG c.a.q.d.P.queryProjectList -==> Parameters: admin(String)
2022-07-01 21:05:44.434 [http-nio-8085-exec-3] DEBUG c.a.q.d.P.queryProjectList -<==      Total: 3
2022-07-01 21:05:44.434 [http-nio-8085-exec-3] DEBUG c.a.q.d.P.queryProjectList -<==      Total: 3
2022-07-01 21:05:46.896 [http-nio-8085-exec-5] DEBUG c.a.q.d.U.queryUserList_COUNT -==>  Preparing: SELECT count(0) FROM user_info WHERE '' = '' OR username LIKE '%%'
2022-07-01 21:05:46.896 [http-nio-8085-exec-5] DEBUG c.a.q.d.U.queryUserList_COUNT -==>  Preparing: SELECT count(0) FROM user_info WHERE '' = '' OR username LIKE '%%'
2022-07-01 21:05:46.896 [http-nio-8085-exec-5] DEBUG c.a.q.d.U.queryUserList_COUNT -==> Parameters: 
2022-07-01 21:05:46.896 [http-nio-8085-exec-5] DEBUG c.a.q.d.U.queryUserList_COUNT -==> Parameters: 
2022-07-01 21:05:46.942 [http-nio-8085-exec-5] DEBUG c.a.q.d.U.queryUserList_COUNT -<==      Total: 1
2022-07-01 21:05:46.942 [http-nio-8085-exec-5] DEBUG c.a.q.d.U.queryUserList_COUNT -<==      Total: 1
2022-07-01 21:05:46.942 [http-nio-8085-exec-5] DEBUG c.a.q.d.U.queryUserList -==>  Preparing: SELECT id,username,password,start_time as startTime,stop_time as endTime,status,creation_date as creationDate FROM user_info WHERE '' = '' OR username LIKE '%%' ORDER BY creationDate DESC LIMIT 10
2022-07-01 21:05:46.942 [http-nio-8085-exec-5] DEBUG c.a.q.d.U.queryUserList -==>  Preparing: SELECT id,username,password,start_time as startTime,stop_time as endTime,status,creation_date as creationDate FROM user_info WHERE '' = '' OR username LIKE '%%' ORDER BY creationDate DESC LIMIT 10
2022-07-01 21:05:46.942 [http-nio-8085-exec-5] DEBUG c.a.q.d.U.queryUserList -==> Parameters: 
2022-07-01 21:05:46.942 [http-nio-8085-exec-5] DEBUG c.a.q.d.U.queryUserList -==> Parameters: 
2022-07-01 21:05:46.988 [http-nio-8085-exec-5] DEBUG c.a.q.d.U.queryUserList -<==      Total: 10
2022-07-01 21:05:46.988 [http-nio-8085-exec-5] DEBUG c.a.q.d.U.queryUserList -<==      Total: 10
2022-07-01 21:05:51.600 [http-nio-8085-exec-7] DEBUG c.a.q.d.P.queryProjectList -==>  Preparing: SELECT id,user_id as userId,project_name as projectName,created_by as createdBy,project_content as projectContent, creation_date as creationDate,last_updated_by as lastUpdatedBy,last_update_date as lastUpdateDate FROM project_info WHERE created_by=? AND('' = '' OR project_name LIKE '%%')
2022-07-01 21:05:51.600 [http-nio-8085-exec-7] DEBUG c.a.q.d.P.queryProjectList -==>  Preparing: SELECT id,user_id as userId,project_name as projectName,created_by as createdBy,project_content as projectContent, creation_date as creationDate,last_updated_by as lastUpdatedBy,last_update_date as lastUpdateDate FROM project_info WHERE created_by=? AND('' = '' OR project_name LIKE '%%')
2022-07-01 21:05:51.601 [http-nio-8085-exec-7] DEBUG c.a.q.d.P.queryProjectList -==> Parameters: admin(String)
2022-07-01 21:05:51.601 [http-nio-8085-exec-7] DEBUG c.a.q.d.P.queryProjectList -==> Parameters: admin(String)
2022-07-01 21:05:51.648 [http-nio-8085-exec-7] DEBUG c.a.q.d.P.queryProjectList -<==      Total: 3
2022-07-01 21:05:51.648 [http-nio-8085-exec-7] DEBUG c.a.q.d.P.queryProjectList -<==      Total: 3
2022-07-01 21:05:54.575 [http-nio-8085-exec-1] DEBUG c.a.q.d.U.queryUserList_COUNT -==>  Preparing: SELECT count(0) FROM user_info WHERE '' = '' OR username LIKE '%%'
2022-07-01 21:05:54.575 [http-nio-8085-exec-1] DEBUG c.a.q.d.U.queryUserList_COUNT -==>  Preparing: SELECT count(0) FROM user_info WHERE '' = '' OR username LIKE '%%'
2022-07-01 21:05:54.576 [http-nio-8085-exec-1] DEBUG c.a.q.d.U.queryUserList_COUNT -==> Parameters: 
2022-07-01 21:05:54.576 [http-nio-8085-exec-1] DEBUG c.a.q.d.U.queryUserList_COUNT -==> Parameters: 
2022-07-01 21:05:54.621 [http-nio-8085-exec-1] DEBUG c.a.q.d.U.queryUserList_COUNT -<==      Total: 1
2022-07-01 21:05:54.621 [http-nio-8085-exec-1] DEBUG c.a.q.d.U.queryUserList_COUNT -<==      Total: 1
2022-07-01 21:05:54.622 [http-nio-8085-exec-1] DEBUG c.a.q.d.U.queryUserList -==>  Preparing: SELECT id,username,password,start_time as startTime,stop_time as endTime,status,creation_date as creationDate FROM user_info WHERE '' = '' OR username LIKE '%%' ORDER BY creationDate DESC LIMIT 10
2022-07-01 21:05:54.622 [http-nio-8085-exec-1] DEBUG c.a.q.d.U.queryUserList -==>  Preparing: SELECT id,username,password,start_time as startTime,stop_time as endTime,status,creation_date as creationDate FROM user_info WHERE '' = '' OR username LIKE '%%' ORDER BY creationDate DESC LIMIT 10
2022-07-01 21:05:54.622 [http-nio-8085-exec-1] DEBUG c.a.q.d.U.queryUserList -==> Parameters: 
2022-07-01 21:05:54.622 [http-nio-8085-exec-1] DEBUG c.a.q.d.U.queryUserList -==> Parameters: 
2022-07-01 21:05:54.669 [http-nio-8085-exec-1] DEBUG c.a.q.d.U.queryUserList -<==      Total: 10
2022-07-01 21:05:54.669 [http-nio-8085-exec-1] DEBUG c.a.q.d.U.queryUserList -<==      Total: 10
2022-07-01 21:07:48.820 [http-nio-8085-exec-3] DEBUG c.a.q.d.U.queryUserList_COUNT -==>  Preparing: SELECT count(0) FROM user_info WHERE '' = '' OR username LIKE '%%'
2022-07-01 21:07:48.820 [http-nio-8085-exec-3] DEBUG c.a.q.d.U.queryUserList_COUNT -==>  Preparing: SELECT count(0) FROM user_info WHERE '' = '' OR username LIKE '%%'
2022-07-01 21:07:48.836 [http-nio-8085-exec-3] DEBUG c.a.q.d.U.queryUserList_COUNT -==> Parameters: 
2022-07-01 21:07:48.836 [http-nio-8085-exec-3] DEBUG c.a.q.d.U.queryUserList_COUNT -==> Parameters: 
2022-07-01 21:07:48.889 [http-nio-8085-exec-3] DEBUG c.a.q.d.U.queryUserList_COUNT -<==      Total: 1
2022-07-01 21:07:48.889 [http-nio-8085-exec-3] DEBUG c.a.q.d.U.queryUserList_COUNT -<==      Total: 1
2022-07-01 21:07:48.890 [http-nio-8085-exec-3] DEBUG c.a.q.d.U.queryUserList -==>  Preparing: SELECT id,username,password,start_time as startTime,stop_time as endTime,status,creation_date as creationDate FROM user_info WHERE '' = '' OR username LIKE '%%' ORDER BY creationDate DESC LIMIT 10
2022-07-01 21:07:48.890 [http-nio-8085-exec-3] DEBUG c.a.q.d.U.queryUserList -==>  Preparing: SELECT id,username,password,start_time as startTime,stop_time as endTime,status,creation_date as creationDate FROM user_info WHERE '' = '' OR username LIKE '%%' ORDER BY creationDate DESC LIMIT 10
2022-07-01 21:07:48.891 [http-nio-8085-exec-3] DEBUG c.a.q.d.U.queryUserList -==> Parameters: 
2022-07-01 21:07:48.891 [http-nio-8085-exec-3] DEBUG c.a.q.d.U.queryUserList -==> Parameters: 
2022-07-01 21:07:48.935 [http-nio-8085-exec-3] DEBUG c.a.q.d.U.queryUserList -<==      Total: 10
2022-07-01 21:07:48.935 [http-nio-8085-exec-3] DEBUG c.a.q.d.U.queryUserList -<==      Total: 10
2022-07-01 21:07:55.403 [http-nio-8085-exec-7] DEBUG c.a.q.d.U.deleteUserInfoById -==>  Preparing: delete from user_info where id = ?
2022-07-01 21:07:55.403 [http-nio-8085-exec-7] DEBUG c.a.q.d.U.deleteUserInfoById -==>  Preparing: delete from user_info where id = ?
2022-07-01 21:07:55.403 [http-nio-8085-exec-7] DEBUG c.a.q.d.U.deleteUserInfoById -==> Parameters: 59cbe27387b342aba389634bc419bdda(String)
2022-07-01 21:07:55.403 [http-nio-8085-exec-7] DEBUG c.a.q.d.U.deleteUserInfoById -==> Parameters: 59cbe27387b342aba389634bc419bdda(String)
2022-07-01 21:07:55.487 [http-nio-8085-exec-7] DEBUG c.a.q.d.U.deleteUserInfoById -<==    Updates: 1
2022-07-01 21:07:55.487 [http-nio-8085-exec-7] DEBUG c.a.q.d.U.deleteUserInfoById -<==    Updates: 1
2022-07-01 21:08:04.700 [http-nio-8085-exec-8] DEBUG c.a.q.d.U.selectUserInfo -==>  Preparing: SELECT id,username,`password`,status FROM user_info WHERE username = ? AND status = "1"
2022-07-01 21:08:04.700 [http-nio-8085-exec-8] DEBUG c.a.q.d.U.selectUserInfo -==>  Preparing: SELECT id,username,`password`,status FROM user_info WHERE username = ? AND status = "1"
2022-07-01 21:08:04.700 [http-nio-8085-exec-8] DEBUG c.a.q.d.U.selectUserInfo -==> Parameters: admin(String)
2022-07-01 21:08:04.700 [http-nio-8085-exec-8] DEBUG c.a.q.d.U.selectUserInfo -==> Parameters: admin(String)
2022-07-01 21:08:04.742 [http-nio-8085-exec-8] DEBUG c.a.q.d.U.selectUserInfo -<==      Total: 1
2022-07-01 21:08:04.742 [http-nio-8085-exec-8] DEBUG c.a.q.d.U.selectUserInfo -<==      Total: 1
2022-07-01 21:08:04.830 [http-nio-8085-exec-4] DEBUG c.a.q.d.P.queryProjectList -==>  Preparing: SELECT id,user_id as userId,project_name as projectName,created_by as createdBy,project_content as projectContent, creation_date as creationDate,last_updated_by as lastUpdatedBy,last_update_date as lastUpdateDate FROM project_info WHERE created_by=? AND('' = '' OR project_name LIKE '%%')
2022-07-01 21:08:04.830 [http-nio-8085-exec-4] DEBUG c.a.q.d.P.queryProjectList -==>  Preparing: SELECT id,user_id as userId,project_name as projectName,created_by as createdBy,project_content as projectContent, creation_date as creationDate,last_updated_by as lastUpdatedBy,last_update_date as lastUpdateDate FROM project_info WHERE created_by=? AND('' = '' OR project_name LIKE '%%')
2022-07-01 21:08:04.831 [http-nio-8085-exec-4] DEBUG c.a.q.d.P.queryProjectList -==> Parameters: admin(String)
2022-07-01 21:08:04.831 [http-nio-8085-exec-4] DEBUG c.a.q.d.P.queryProjectList -==> Parameters: admin(String)
2022-07-01 21:08:04.875 [http-nio-8085-exec-4] DEBUG c.a.q.d.P.queryProjectList -<==      Total: 3
2022-07-01 21:08:04.875 [http-nio-8085-exec-4] DEBUG c.a.q.d.P.queryProjectList -<==      Total: 3
2022-07-01 21:08:06.429 [http-nio-8085-exec-9] DEBUG c.a.q.d.U.queryUserList_COUNT -==>  Preparing: SELECT count(0) FROM user_info WHERE '' = '' OR username LIKE '%%'
2022-07-01 21:08:06.429 [http-nio-8085-exec-9] DEBUG c.a.q.d.U.queryUserList_COUNT -==>  Preparing: SELECT count(0) FROM user_info WHERE '' = '' OR username LIKE '%%'
2022-07-01 21:08:06.429 [http-nio-8085-exec-9] DEBUG c.a.q.d.U.queryUserList_COUNT -==> Parameters: 
2022-07-01 21:08:06.429 [http-nio-8085-exec-9] DEBUG c.a.q.d.U.queryUserList_COUNT -==> Parameters: 
2022-07-01 21:08:06.472 [http-nio-8085-exec-9] DEBUG c.a.q.d.U.queryUserList_COUNT -<==      Total: 1
2022-07-01 21:08:06.472 [http-nio-8085-exec-9] DEBUG c.a.q.d.U.queryUserList_COUNT -<==      Total: 1
2022-07-01 21:08:06.473 [http-nio-8085-exec-9] DEBUG c.a.q.d.U.queryUserList -==>  Preparing: SELECT id,username,password,start_time as startTime,stop_time as endTime,status,creation_date as creationDate FROM user_info WHERE '' = '' OR username LIKE '%%' ORDER BY creationDate DESC LIMIT 10
2022-07-01 21:08:06.473 [http-nio-8085-exec-9] DEBUG c.a.q.d.U.queryUserList -==>  Preparing: SELECT id,username,password,start_time as startTime,stop_time as endTime,status,creation_date as creationDate FROM user_info WHERE '' = '' OR username LIKE '%%' ORDER BY creationDate DESC LIMIT 10
2022-07-01 21:08:06.473 [http-nio-8085-exec-9] DEBUG c.a.q.d.U.queryUserList -==> Parameters: 
2022-07-01 21:08:06.473 [http-nio-8085-exec-9] DEBUG c.a.q.d.U.queryUserList -==> Parameters: 
2022-07-01 21:08:06.516 [http-nio-8085-exec-9] DEBUG c.a.q.d.U.queryUserList -<==      Total: 10
2022-07-01 21:08:06.516 [http-nio-8085-exec-9] DEBUG c.a.q.d.U.queryUserList -<==      Total: 10
2022-07-01 21:08:11.135 [http-nio-8085-exec-8] DEBUG c.a.q.d.U.deleteUserInfoById -==>  Preparing: delete from user_info where id = ?
2022-07-01 21:08:11.135 [http-nio-8085-exec-8] DEBUG c.a.q.d.U.deleteUserInfoById -==>  Preparing: delete from user_info where id = ?
2022-07-01 21:08:11.136 [http-nio-8085-exec-8] DEBUG c.a.q.d.U.deleteUserInfoById -==> Parameters: 56f37df75e494fcaa83f3d6160e6f388(String)
2022-07-01 21:08:11.136 [http-nio-8085-exec-8] DEBUG c.a.q.d.U.deleteUserInfoById -==> Parameters: 56f37df75e494fcaa83f3d6160e6f388(String)
2022-07-01 21:08:11.220 [http-nio-8085-exec-8] DEBUG c.a.q.d.U.deleteUserInfoById -<==    Updates: 1
2022-07-01 21:08:11.220 [http-nio-8085-exec-8] DEBUG c.a.q.d.U.deleteUserInfoById -<==    Updates: 1
2022-07-01 21:09:10.453 [http-nio-8085-exec-9] DEBUG c.a.q.d.U.selectUserInfo -==>  Preparing: SELECT id,username,`password`,status FROM user_info WHERE username = ? AND status = "1"
2022-07-01 21:09:10.453 [http-nio-8085-exec-9] DEBUG c.a.q.d.U.selectUserInfo -==>  Preparing: SELECT id,username,`password`,status FROM user_info WHERE username = ? AND status = "1"
2022-07-01 21:09:10.453 [http-nio-8085-exec-9] DEBUG c.a.q.d.U.selectUserInfo -==> Parameters: admin(String)
2022-07-01 21:09:10.453 [http-nio-8085-exec-9] DEBUG c.a.q.d.U.selectUserInfo -==> Parameters: admin(String)
2022-07-01 21:09:10.496 [http-nio-8085-exec-9] DEBUG c.a.q.d.U.selectUserInfo -<==      Total: 1
2022-07-01 21:09:10.496 [http-nio-8085-exec-9] DEBUG c.a.q.d.U.selectUserInfo -<==      Total: 1
2022-07-01 21:09:10.581 [http-nio-8085-exec-6] DEBUG c.a.q.d.P.queryProjectList -==>  Preparing: SELECT id,user_id as userId,project_name as projectName,created_by as createdBy,project_content as projectContent, creation_date as creationDate,last_updated_by as lastUpdatedBy,last_update_date as lastUpdateDate FROM project_info WHERE created_by=? AND('' = '' OR project_name LIKE '%%')
2022-07-01 21:09:10.581 [http-nio-8085-exec-6] DEBUG c.a.q.d.P.queryProjectList -==>  Preparing: SELECT id,user_id as userId,project_name as projectName,created_by as createdBy,project_content as projectContent, creation_date as creationDate,last_updated_by as lastUpdatedBy,last_update_date as lastUpdateDate FROM project_info WHERE created_by=? AND('' = '' OR project_name LIKE '%%')
2022-07-01 21:09:10.582 [http-nio-8085-exec-6] DEBUG c.a.q.d.P.queryProjectList -==> Parameters: admin(String)
2022-07-01 21:09:10.582 [http-nio-8085-exec-6] DEBUG c.a.q.d.P.queryProjectList -==> Parameters: admin(String)
2022-07-01 21:09:10.624 [http-nio-8085-exec-6] DEBUG c.a.q.d.P.queryProjectList -<==      Total: 3
2022-07-01 21:09:10.624 [http-nio-8085-exec-6] DEBUG c.a.q.d.P.queryProjectList -<==      Total: 3
2022-07-01 21:09:12.315 [http-nio-8085-exec-5] DEBUG c.a.q.d.P.queryProjectList -==>  Preparing: SELECT id,user_id as userId,project_name as projectName,created_by as createdBy,project_content as projectContent, creation_date as creationDate,last_updated_by as lastUpdatedBy,last_update_date as lastUpdateDate FROM project_info WHERE created_by=? AND('' = '' OR project_name LIKE '%%')
2022-07-01 21:09:12.315 [http-nio-8085-exec-5] DEBUG c.a.q.d.P.queryProjectList -==>  Preparing: SELECT id,user_id as userId,project_name as projectName,created_by as createdBy,project_content as projectContent, creation_date as creationDate,last_updated_by as lastUpdatedBy,last_update_date as lastUpdateDate FROM project_info WHERE created_by=? AND('' = '' OR project_name LIKE '%%')
2022-07-01 21:09:12.316 [http-nio-8085-exec-5] DEBUG c.a.q.d.P.queryProjectList -==> Parameters: null
2022-07-01 21:09:12.316 [http-nio-8085-exec-5] DEBUG c.a.q.d.P.queryProjectList -==> Parameters: null
2022-07-01 21:09:12.363 [http-nio-8085-exec-5] DEBUG c.a.q.d.P.queryProjectList -<==      Total: 0
2022-07-01 21:09:12.363 [http-nio-8085-exec-5] DEBUG c.a.q.d.P.queryProjectList -<==      Total: 0
2022-07-01 21:09:19.154 [http-nio-8085-exec-3] DEBUG c.a.q.d.P.queryProjectList -==>  Preparing: SELECT id,user_id as userId,project_name as projectName,created_by as createdBy,project_content as projectContent, creation_date as creationDate,last_updated_by as lastUpdatedBy,last_update_date as lastUpdateDate FROM project_info WHERE created_by=? AND('' = '' OR project_name LIKE '%%')
2022-07-01 21:09:19.154 [http-nio-8085-exec-3] DEBUG c.a.q.d.P.queryProjectList -==>  Preparing: SELECT id,user_id as userId,project_name as projectName,created_by as createdBy,project_content as projectContent, creation_date as creationDate,last_updated_by as lastUpdatedBy,last_update_date as lastUpdateDate FROM project_info WHERE created_by=? AND('' = '' OR project_name LIKE '%%')
2022-07-01 21:09:19.154 [http-nio-8085-exec-3] DEBUG c.a.q.d.P.queryProjectList -==> Parameters: admin(String)
2022-07-01 21:09:19.154 [http-nio-8085-exec-3] DEBUG c.a.q.d.P.queryProjectList -==> Parameters: admin(String)
2022-07-01 21:09:19.197 [http-nio-8085-exec-3] DEBUG c.a.q.d.P.queryProjectList -<==      Total: 3
2022-07-01 21:09:19.197 [http-nio-8085-exec-3] DEBUG c.a.q.d.P.queryProjectList -<==      Total: 3
2022-07-01 21:25:54.840 [http-nio-8085-exec-6] DEBUG c.a.q.d.P.queryProjectList -==>  Preparing: SELECT id,user_id as userId,project_name as projectName,created_by as createdBy,project_content as projectContent, creation_date as creationDate,last_updated_by as lastUpdatedBy,last_update_date as lastUpdateDate FROM project_info WHERE created_by=? AND('' = '' OR project_name LIKE '%%')
2022-07-01 21:25:54.840 [http-nio-8085-exec-6] DEBUG c.a.q.d.P.queryProjectList -==>  Preparing: SELECT id,user_id as userId,project_name as projectName,created_by as createdBy,project_content as projectContent, creation_date as creationDate,last_updated_by as lastUpdatedBy,last_update_date as lastUpdateDate FROM project_info WHERE created_by=? AND('' = '' OR project_name LIKE '%%')
2022-07-01 21:25:54.840 [http-nio-8085-exec-6] DEBUG c.a.q.d.P.queryProjectList -==> Parameters: null
2022-07-01 21:25:54.840 [http-nio-8085-exec-6] DEBUG c.a.q.d.P.queryProjectList -==> Parameters: null
2022-07-01 21:25:54.882 [http-nio-8085-exec-6] DEBUG c.a.q.d.P.queryProjectList -<==      Total: 0
2022-07-01 21:25:54.882 [http-nio-8085-exec-6] DEBUG c.a.q.d.P.queryProjectList -<==      Total: 0
2022-07-01 21:25:59.950 [http-nio-8085-exec-4] DEBUG c.a.q.d.P.queryProjectList -==>  Preparing: SELECT id,user_id as userId,project_name as projectName,created_by as createdBy,project_content as projectContent, creation_date as creationDate,last_updated_by as lastUpdatedBy,last_update_date as lastUpdateDate FROM project_info WHERE created_by=? AND('' = '' OR project_name LIKE '%%')
2022-07-01 21:25:59.950 [http-nio-8085-exec-4] DEBUG c.a.q.d.P.queryProjectList -==>  Preparing: SELECT id,user_id as userId,project_name as projectName,created_by as createdBy,project_content as projectContent, creation_date as creationDate,last_updated_by as lastUpdatedBy,last_update_date as lastUpdateDate FROM project_info WHERE created_by=? AND('' = '' OR project_name LIKE '%%')
2022-07-01 21:25:59.951 [http-nio-8085-exec-4] DEBUG c.a.q.d.P.queryProjectList -==> Parameters: admin(String)
2022-07-01 21:25:59.951 [http-nio-8085-exec-4] DEBUG c.a.q.d.P.queryProjectList -==> Parameters: admin(String)
2022-07-01 21:25:59.993 [http-nio-8085-exec-4] DEBUG c.a.q.d.P.queryProjectList -<==      Total: 3
2022-07-01 21:25:59.993 [http-nio-8085-exec-4] DEBUG c.a.q.d.P.queryProjectList -<==      Total: 3
2022-07-01 21:26:02.180 [http-nio-8085-exec-3] DEBUG c.a.q.d.P.queryProjectList -==>  Preparing: SELECT id,user_id as userId,project_name as projectName,created_by as createdBy,project_content as projectContent, creation_date as creationDate,last_updated_by as lastUpdatedBy,last_update_date as lastUpdateDate FROM project_info WHERE created_by=? AND('' = '' OR project_name LIKE '%%')
2022-07-01 21:26:02.180 [http-nio-8085-exec-3] DEBUG c.a.q.d.P.queryProjectList -==>  Preparing: SELECT id,user_id as userId,project_name as projectName,created_by as createdBy,project_content as projectContent, creation_date as creationDate,last_updated_by as lastUpdatedBy,last_update_date as lastUpdateDate FROM project_info WHERE created_by=? AND('' = '' OR project_name LIKE '%%')
2022-07-01 21:26:02.180 [http-nio-8085-exec-3] DEBUG c.a.q.d.P.queryProjectList -==> Parameters: admin(String)
2022-07-01 21:26:02.180 [http-nio-8085-exec-3] DEBUG c.a.q.d.P.queryProjectList -==> Parameters: admin(String)
2022-07-01 21:26:02.223 [http-nio-8085-exec-3] DEBUG c.a.q.d.P.queryProjectList -<==      Total: 3
2022-07-01 21:26:02.223 [http-nio-8085-exec-3] DEBUG c.a.q.d.P.queryProjectList -<==      Total: 3
2022-07-01 21:34:17.306 [http-nio-8085-exec-4] DEBUG c.a.q.d.P.queryProjectList -==>  Preparing: SELECT id,user_id as userId,project_name as projectName,created_by as createdBy,project_content as projectContent, creation_date as creationDate,last_updated_by as lastUpdatedBy,last_update_date as lastUpdateDate FROM project_info WHERE created_by=? AND('' = '' OR project_name LIKE '%%')
2022-07-01 21:34:17.306 [http-nio-8085-exec-4] DEBUG c.a.q.d.P.queryProjectList -==>  Preparing: SELECT id,user_id as userId,project_name as projectName,created_by as createdBy,project_content as projectContent, creation_date as creationDate,last_updated_by as lastUpdatedBy,last_update_date as lastUpdateDate FROM project_info WHERE created_by=? AND('' = '' OR project_name LIKE '%%')
2022-07-01 21:34:17.307 [http-nio-8085-exec-4] DEBUG c.a.q.d.P.queryProjectList -==> Parameters: admin(String)
2022-07-01 21:34:17.307 [http-nio-8085-exec-4] DEBUG c.a.q.d.P.queryProjectList -==> Parameters: admin(String)
2022-07-01 21:34:17.349 [http-nio-8085-exec-4] DEBUG c.a.q.d.P.queryProjectList -<==      Total: 3
2022-07-01 21:34:17.349 [http-nio-8085-exec-4] DEBUG c.a.q.d.P.queryProjectList -<==      Total: 3
2022-07-01 21:53:12.702 [http-nio-8085-exec-5] DEBUG c.a.q.d.Q.queryQuestionListByProjectId -==>  Preparing: SELECT id,question_name as questionName,question_content as questionContent,question_stop as questionStop,creation_date as creationDate,end_time as endTime,data_id as dataId FROM questionnaire_info WHERE project_id = ? AND question_stop != "4" AND question_stop != "0" ORDER BY creation_date DESC
2022-07-01 21:53:12.702 [http-nio-8085-exec-5] DEBUG c.a.q.d.Q.queryQuestionListByProjectId -==>  Preparing: SELECT id,question_name as questionName,question_content as questionContent,question_stop as questionStop,creation_date as creationDate,end_time as endTime,data_id as dataId FROM questionnaire_info WHERE project_id = ? AND question_stop != "4" AND question_stop != "0" ORDER BY creation_date DESC
2022-07-01 21:53:12.703 [http-nio-8085-exec-5] DEBUG c.a.q.d.Q.queryQuestionListByProjectId -==> Parameters: null
2022-07-01 21:53:12.703 [http-nio-8085-exec-5] DEBUG c.a.q.d.Q.queryQuestionListByProjectId -==> Parameters: null
2022-07-01 21:53:19.940 [http-nio-8085-exec-1] DEBUG c.a.q.d.Q.queryQuestionListByProjectId -==>  Preparing: SELECT id,question_name as questionName,question_content as questionContent,question_stop as questionStop,creation_date as creationDate,end_time as endTime,data_id as dataId FROM questionnaire_info WHERE project_id = ? AND question_stop != "4" AND question_stop != "0" ORDER BY creation_date DESC
2022-07-01 21:53:19.940 [http-nio-8085-exec-1] DEBUG c.a.q.d.Q.queryQuestionListByProjectId -==>  Preparing: SELECT id,question_name as questionName,question_content as questionContent,question_stop as questionStop,creation_date as creationDate,end_time as endTime,data_id as dataId FROM questionnaire_info WHERE project_id = ? AND question_stop != "4" AND question_stop != "0" ORDER BY creation_date DESC
2022-07-01 21:53:19.940 [http-nio-8085-exec-1] DEBUG c.a.q.d.Q.queryQuestionListByProjectId -==> Parameters: null
2022-07-01 21:53:19.940 [http-nio-8085-exec-1] DEBUG c.a.q.d.Q.queryQuestionListByProjectId -==> Parameters: null
2022-07-01 21:53:38.646 [http-nio-8085-exec-1] DEBUG c.a.q.d.P.queryProjectList -==>  Preparing: SELECT id,user_id as userId,project_name as projectName,created_by as createdBy,project_content as projectContent, creation_date as creationDate,last_updated_by as lastUpdatedBy,last_update_date as lastUpdateDate FROM project_info WHERE created_by=? AND('' = '' OR project_name LIKE '%%')
2022-07-01 21:53:38.646 [http-nio-8085-exec-1] DEBUG c.a.q.d.P.queryProjectList -==>  Preparing: SELECT id,user_id as userId,project_name as projectName,created_by as createdBy,project_content as projectContent, creation_date as creationDate,last_updated_by as lastUpdatedBy,last_update_date as lastUpdateDate FROM project_info WHERE created_by=? AND('' = '' OR project_name LIKE '%%')
2022-07-01 21:53:38.660 [http-nio-8085-exec-1] DEBUG c.a.q.d.P.queryProjectList -==> Parameters: admin(String)
2022-07-01 21:53:38.660 [http-nio-8085-exec-1] DEBUG c.a.q.d.P.queryProjectList -==> Parameters: admin(String)
2022-07-01 21:53:38.717 [http-nio-8085-exec-1] DEBUG c.a.q.d.P.queryProjectList -<==      Total: 3
2022-07-01 21:53:38.717 [http-nio-8085-exec-1] DEBUG c.a.q.d.P.queryProjectList -<==      Total: 3
2022-07-01 21:53:40.618 [http-nio-8085-exec-6] DEBUG c.a.q.d.P.queryProjectList -==>  Preparing: SELECT id,user_id as userId,project_name as projectName,created_by as createdBy,project_content as projectContent, creation_date as creationDate,last_updated_by as lastUpdatedBy,last_update_date as lastUpdateDate FROM project_info WHERE created_by=? AND('' = '' OR project_name LIKE '%%')
2022-07-01 21:53:40.618 [http-nio-8085-exec-6] DEBUG c.a.q.d.P.queryProjectList -==>  Preparing: SELECT id,user_id as userId,project_name as projectName,created_by as createdBy,project_content as projectContent, creation_date as creationDate,last_updated_by as lastUpdatedBy,last_update_date as lastUpdateDate FROM project_info WHERE created_by=? AND('' = '' OR project_name LIKE '%%')
2022-07-01 21:53:40.619 [http-nio-8085-exec-6] DEBUG c.a.q.d.P.queryProjectList -==> Parameters: admin(String)
2022-07-01 21:53:40.619 [http-nio-8085-exec-6] DEBUG c.a.q.d.P.queryProjectList -==> Parameters: admin(String)
2022-07-01 21:53:40.662 [http-nio-8085-exec-6] DEBUG c.a.q.d.P.queryProjectList -<==      Total: 3
2022-07-01 21:53:40.662 [http-nio-8085-exec-6] DEBUG c.a.q.d.P.queryProjectList -<==      Total: 3
2022-07-01 21:53:42.668 [http-nio-8085-exec-8] DEBUG c.a.q.d.Q.queryQuestionListByProjectId -==>  Preparing: SELECT id,question_name as questionName,question_content as questionContent,question_stop as questionStop,creation_date as creationDate,end_time as endTime,data_id as dataId FROM questionnaire_info WHERE project_id = ? AND question_stop != "4" AND question_stop != "0" ORDER BY creation_date DESC
2022-07-01 21:53:42.668 [http-nio-8085-exec-8] DEBUG c.a.q.d.Q.queryQuestionListByProjectId -==>  Preparing: SELECT id,question_name as questionName,question_content as questionContent,question_stop as questionStop,creation_date as creationDate,end_time as endTime,data_id as dataId FROM questionnaire_info WHERE project_id = ? AND question_stop != "4" AND question_stop != "0" ORDER BY creation_date DESC
2022-07-01 21:53:42.668 [http-nio-8085-exec-8] DEBUG c.a.q.d.Q.queryQuestionListByProjectId -==> Parameters: null
2022-07-01 21:53:42.668 [http-nio-8085-exec-8] DEBUG c.a.q.d.Q.queryQuestionListByProjectId -==> Parameters: null
2022-07-01 21:53:43.496 [http-nio-8085-exec-2] DEBUG c.a.q.d.Q.insert -==>  Preparing: insert into questionnaire_info (id, project_id, question_name, question_content, data_id, question_title, question_end_content, context, question_stop, release_time, start_time, end_time, answer_total, created_by, creation_date, last_updated_by, last_update_date, question ) values (?, ?, ?, ?, ?, ?, ?, ?, ?, ?, ?, ?, ?, ?, ?, ?, ?, ? )
2022-07-01 21:53:43.496 [http-nio-8085-exec-2] DEBUG c.a.q.d.Q.insert -==>  Preparing: insert into questionnaire_info (id, project_id, question_name, question_content, data_id, question_title, question_end_content, context, question_stop, release_time, start_time, end_time, answer_total, created_by, creation_date, last_updated_by, last_update_date, question ) values (?, ?, ?, ?, ?, ?, ?, ?, ?, ?, ?, ?, ?, ?, ?, ?, ?, ? )
2022-07-01 21:53:43.498 [http-nio-8085-exec-2] DEBUG c.a.q.d.Q.insert -==> Parameters: null, null, null, null, 1(String), null, null, null, null, null, null, null, null, null, null, null, null, null
2022-07-01 21:53:43.498 [http-nio-8085-exec-2] DEBUG c.a.q.d.Q.insert -==> Parameters: null, null, null, null, 1(String), null, null, null, null, null, null, null, null, null, null, null, null, null
2022-07-01 21:53:46.278 [http-nio-8085-exec-3] DEBUG c.a.q.d.Q.insert -==>  Preparing: insert into questionnaire_info (id, project_id, question_name, question_content, data_id, question_title, question_end_content, context, question_stop, release_time, start_time, end_time, answer_total, created_by, creation_date, last_updated_by, last_update_date, question ) values (?, ?, ?, ?, ?, ?, ?, ?, ?, ?, ?, ?, ?, ?, ?, ?, ?, ? )
2022-07-01 21:53:46.278 [http-nio-8085-exec-3] DEBUG c.a.q.d.Q.insert -==>  Preparing: insert into questionnaire_info (id, project_id, question_name, question_content, data_id, question_title, question_end_content, context, question_stop, release_time, start_time, end_time, answer_total, created_by, creation_date, last_updated_by, last_update_date, question ) values (?, ?, ?, ?, ?, ?, ?, ?, ?, ?, ?, ?, ?, ?, ?, ?, ?, ? )
2022-07-01 21:53:46.279 [http-nio-8085-exec-3] DEBUG c.a.q.d.Q.insert -==> Parameters: null, null, null, null, 1(String), null, null, null, null, null, null, null, null, null, null, null, null, null
2022-07-01 21:53:46.279 [http-nio-8085-exec-3] DEBUG c.a.q.d.Q.insert -==> Parameters: null, null, null, null, 1(String), null, null, null, null, null, null, null, null, null, null, null, null, null
2022-07-01 21:53:50.681 [http-nio-8085-exec-4] DEBUG c.a.q.d.Q.insert -==>  Preparing: insert into questionnaire_info (id, project_id, question_name, question_content, data_id, question_title, question_end_content, context, question_stop, release_time, start_time, end_time, answer_total, created_by, creation_date, last_updated_by, last_update_date, question ) values (?, ?, ?, ?, ?, ?, ?, ?, ?, ?, ?, ?, ?, ?, ?, ?, ?, ? )
2022-07-01 21:53:50.681 [http-nio-8085-exec-4] DEBUG c.a.q.d.Q.insert -==>  Preparing: insert into questionnaire_info (id, project_id, question_name, question_content, data_id, question_title, question_end_content, context, question_stop, release_time, start_time, end_time, answer_total, created_by, creation_date, last_updated_by, last_update_date, question ) values (?, ?, ?, ?, ?, ?, ?, ?, ?, ?, ?, ?, ?, ?, ?, ?, ?, ? )
2022-07-01 21:53:50.681 [http-nio-8085-exec-4] DEBUG c.a.q.d.Q.insert -==> Parameters: null, null, null, null, 1(String), null, null, null, null, null, null, null, null, null, null, null, null, null
2022-07-01 21:53:50.681 [http-nio-8085-exec-4] DEBUG c.a.q.d.Q.insert -==> Parameters: null, null, null, null, 1(String), null, null, null, null, null, null, null, null, null, null, null, null, null
2022-07-01 21:53:52.817 [http-nio-8085-exec-7] DEBUG c.a.q.d.Q.queryQuestionListByProjectId -==>  Preparing: SELECT id,question_name as questionName,question_content as questionContent,question_stop as questionStop,creation_date as creationDate,end_time as endTime,data_id as dataId FROM questionnaire_info WHERE project_id = ? AND question_stop != "4" AND question_stop != "0" ORDER BY creation_date DESC
2022-07-01 21:53:52.817 [http-nio-8085-exec-7] DEBUG c.a.q.d.Q.queryQuestionListByProjectId -==>  Preparing: SELECT id,question_name as questionName,question_content as questionContent,question_stop as questionStop,creation_date as creationDate,end_time as endTime,data_id as dataId FROM questionnaire_info WHERE project_id = ? AND question_stop != "4" AND question_stop != "0" ORDER BY creation_date DESC
2022-07-01 21:53:52.817 [http-nio-8085-exec-7] DEBUG c.a.q.d.Q.queryQuestionListByProjectId -==> Parameters: null
2022-07-01 21:53:52.817 [http-nio-8085-exec-7] DEBUG c.a.q.d.Q.queryQuestionListByProjectId -==> Parameters: null
2022-07-01 21:53:59.950 [http-nio-8085-exec-10] DEBUG c.a.q.d.Q.insert -==>  Preparing: insert into questionnaire_info (id, project_id, question_name, question_content, data_id, question_title, question_end_content, context, question_stop, release_time, start_time, end_time, answer_total, created_by, creation_date, last_updated_by, last_update_date, question ) values (?, ?, ?, ?, ?, ?, ?, ?, ?, ?, ?, ?, ?, ?, ?, ?, ?, ? )
2022-07-01 21:53:59.950 [http-nio-8085-exec-10] DEBUG c.a.q.d.Q.insert -==>  Preparing: insert into questionnaire_info (id, project_id, question_name, question_content, data_id, question_title, question_end_content, context, question_stop, release_time, start_time, end_time, answer_total, created_by, creation_date, last_updated_by, last_update_date, question ) values (?, ?, ?, ?, ?, ?, ?, ?, ?, ?, ?, ?, ?, ?, ?, ?, ?, ? )
2022-07-01 21:53:59.951 [http-nio-8085-exec-10] DEBUG c.a.q.d.Q.insert -==> Parameters: null, null, null, null, 1(String), null, null, null, null, null, null, null, null, null, null, null, null, null
2022-07-01 21:53:59.951 [http-nio-8085-exec-10] DEBUG c.a.q.d.Q.insert -==> Parameters: null, null, null, null, 1(String), null, null, null, null, null, null, null, null, null, null, null, null, null
2022-07-01 21:58:28.444 [http-nio-8085-exec-3] DEBUG c.a.q.d.Q.queryQuestionListByProjectId -==>  Preparing: SELECT id,question_name as questionName,question_content as questionContent,question_stop as questionStop,creation_date as creationDate,end_time as endTime,data_id as dataId FROM questionnaire_info WHERE project_id = ? AND question_stop != "4" AND question_stop != "0" ORDER BY creation_date DESC
2022-07-01 21:58:28.444 [http-nio-8085-exec-3] DEBUG c.a.q.d.Q.queryQuestionListByProjectId -==>  Preparing: SELECT id,question_name as questionName,question_content as questionContent,question_stop as questionStop,creation_date as creationDate,end_time as endTime,data_id as dataId FROM questionnaire_info WHERE project_id = ? AND question_stop != "4" AND question_stop != "0" ORDER BY creation_date DESC
2022-07-01 21:58:28.459 [http-nio-8085-exec-3] DEBUG c.a.q.d.Q.queryQuestionListByProjectId -==> Parameters: null
2022-07-01 21:58:28.459 [http-nio-8085-exec-3] DEBUG c.a.q.d.Q.queryQuestionListByProjectId -==> Parameters: null
2022-07-01 21:59:27.927 [http-nio-8085-exec-10] DEBUG c.a.q.d.Q.queryQuestionListByProjectId -==>  Preparing: SELECT id,question_name as questionName,question_content as questionContent,question_stop as questionStop,creation_date as creationDate,end_time as endTime,data_id as dataId FROM questionnaire_info WHERE project_id = ? AND question_stop != "4" AND question_stop != "0" ORDER BY creation_date DESC
2022-07-01 21:59:27.927 [http-nio-8085-exec-10] DEBUG c.a.q.d.Q.queryQuestionListByProjectId -==>  Preparing: SELECT id,question_name as questionName,question_content as questionContent,question_stop as questionStop,creation_date as creationDate,end_time as endTime,data_id as dataId FROM questionnaire_info WHERE project_id = ? AND question_stop != "4" AND question_stop != "0" ORDER BY creation_date DESC
2022-07-01 21:59:27.927 [http-nio-8085-exec-10] DEBUG c.a.q.d.Q.queryQuestionListByProjectId -==> Parameters: null
2022-07-01 21:59:27.927 [http-nio-8085-exec-10] DEBUG c.a.q.d.Q.queryQuestionListByProjectId -==> Parameters: null
2022-07-01 21:59:58.809 [http-nio-8085-exec-3] DEBUG c.a.q.d.U.selectUserInfo -==>  Preparing: SELECT id,username,`password`,status FROM user_info WHERE username = ? AND status = "1"
2022-07-01 21:59:58.809 [http-nio-8085-exec-3] DEBUG c.a.q.d.U.selectUserInfo -==>  Preparing: SELECT id,username,`password`,status FROM user_info WHERE username = ? AND status = "1"
2022-07-01 21:59:58.823 [http-nio-8085-exec-3] DEBUG c.a.q.d.U.selectUserInfo -==> Parameters: admin(String)
2022-07-01 21:59:58.823 [http-nio-8085-exec-3] DEBUG c.a.q.d.U.selectUserInfo -==> Parameters: admin(String)
2022-07-01 21:59:58.879 [http-nio-8085-exec-3] DEBUG c.a.q.d.U.selectUserInfo -<==      Total: 1
2022-07-01 21:59:58.879 [http-nio-8085-exec-3] DEBUG c.a.q.d.U.selectUserInfo -<==      Total: 1
2022-07-01 21:59:58.974 [http-nio-8085-exec-4] DEBUG c.a.q.d.P.queryProjectList -==>  Preparing: SELECT id,user_id as userId,project_name as projectName,created_by as createdBy,project_content as projectContent, creation_date as creationDate,last_updated_by as lastUpdatedBy,last_update_date as lastUpdateDate FROM project_info WHERE created_by=? AND('' = '' OR project_name LIKE '%%')
2022-07-01 21:59:58.974 [http-nio-8085-exec-4] DEBUG c.a.q.d.P.queryProjectList -==>  Preparing: SELECT id,user_id as userId,project_name as projectName,created_by as createdBy,project_content as projectContent, creation_date as creationDate,last_updated_by as lastUpdatedBy,last_update_date as lastUpdateDate FROM project_info WHERE created_by=? AND('' = '' OR project_name LIKE '%%')
2022-07-01 21:59:58.975 [http-nio-8085-exec-4] DEBUG c.a.q.d.P.queryProjectList -==> Parameters: admin(String)
2022-07-01 21:59:58.975 [http-nio-8085-exec-4] DEBUG c.a.q.d.P.queryProjectList -==> Parameters: admin(String)
2022-07-01 21:59:59.023 [http-nio-8085-exec-4] DEBUG c.a.q.d.P.queryProjectList -<==      Total: 3
2022-07-01 21:59:59.023 [http-nio-8085-exec-4] DEBUG c.a.q.d.P.queryProjectList -<==      Total: 3
2022-07-01 22:00:00.269 [http-nio-8085-exec-2] DEBUG c.a.q.d.Q.queryQuestionListByProjectId -==>  Preparing: SELECT id,question_name as questionName,question_content as questionContent,question_stop as questionStop,creation_date as creationDate,end_time as endTime,data_id as dataId FROM questionnaire_info WHERE project_id = ? AND question_stop != "4" AND question_stop != "0" ORDER BY creation_date DESC
2022-07-01 22:00:00.269 [http-nio-8085-exec-2] DEBUG c.a.q.d.Q.queryQuestionListByProjectId -==>  Preparing: SELECT id,question_name as questionName,question_content as questionContent,question_stop as questionStop,creation_date as creationDate,end_time as endTime,data_id as dataId FROM questionnaire_info WHERE project_id = ? AND question_stop != "4" AND question_stop != "0" ORDER BY creation_date DESC
2022-07-01 22:00:00.269 [http-nio-8085-exec-2] DEBUG c.a.q.d.Q.queryQuestionListByProjectId -==> Parameters: null
2022-07-01 22:00:00.269 [http-nio-8085-exec-2] DEBUG c.a.q.d.Q.queryQuestionListByProjectId -==> Parameters: null
2022-07-01 22:00:10.411 [http-nio-8085-exec-7] DEBUG c.a.q.d.Q.queryQuestionListByProjectId -==>  Preparing: SELECT id,question_name as questionName,question_content as questionContent,question_stop as questionStop,creation_date as creationDate,end_time as endTime,data_id as dataId FROM questionnaire_info WHERE project_id = ? AND question_stop != "4" AND question_stop != "0" ORDER BY creation_date DESC
2022-07-01 22:00:10.411 [http-nio-8085-exec-7] DEBUG c.a.q.d.Q.queryQuestionListByProjectId -==>  Preparing: SELECT id,question_name as questionName,question_content as questionContent,question_stop as questionStop,creation_date as creationDate,end_time as endTime,data_id as dataId FROM questionnaire_info WHERE project_id = ? AND question_stop != "4" AND question_stop != "0" ORDER BY creation_date DESC
2022-07-01 22:00:10.411 [http-nio-8085-exec-7] DEBUG c.a.q.d.Q.queryQuestionListByProjectId -==> Parameters: null
2022-07-01 22:00:10.411 [http-nio-8085-exec-7] DEBUG c.a.q.d.Q.queryQuestionListByProjectId -==> Parameters: null
2022-07-01 22:06:21.782 [http-nio-8085-exec-8] DEBUG c.a.q.d.Q.queryQuestionListByProjectId -==>  Preparing: SELECT id,question_name as questionName,question_content as questionContent,question_stop as questionStop,creation_date as creationDate,end_time as endTime,data_id as dataId FROM questionnaire_info WHERE project_id = ? AND question_stop != "4" AND question_stop != "0" ORDER BY creation_date DESC
2022-07-01 22:06:21.782 [http-nio-8085-exec-8] DEBUG c.a.q.d.Q.queryQuestionListByProjectId -==>  Preparing: SELECT id,question_name as questionName,question_content as questionContent,question_stop as questionStop,creation_date as creationDate,end_time as endTime,data_id as dataId FROM questionnaire_info WHERE project_id = ? AND question_stop != "4" AND question_stop != "0" ORDER BY creation_date DESC
2022-07-01 22:06:21.783 [http-nio-8085-exec-8] DEBUG c.a.q.d.Q.queryQuestionListByProjectId -==> Parameters: null
2022-07-01 22:06:21.783 [http-nio-8085-exec-8] DEBUG c.a.q.d.Q.queryQuestionListByProjectId -==> Parameters: null
2022-07-01 22:06:21.826 [http-nio-8085-exec-8] DEBUG c.a.q.d.Q.queryQuestionListByProjectId -<==      Total: 0
2022-07-01 22:06:21.826 [http-nio-8085-exec-8] DEBUG c.a.q.d.Q.queryQuestionListByProjectId -<==      Total: 0
2022-07-01 22:06:29.114 [http-nio-8085-exec-2] DEBUG c.a.q.d.Q.insert -==>  Preparing: insert into questionnaire_info (id, project_id, question_name, question_content, data_id, question_title, question_end_content, context, question_stop, release_time, start_time, end_time, answer_total, created_by, creation_date, last_updated_by, last_update_date, question ) values (?, ?, ?, ?, ?, ?, ?, ?, ?, ?, ?, ?, ?, ?, ?, ?, ?, ? )
2022-07-01 22:06:29.114 [http-nio-8085-exec-2] DEBUG c.a.q.d.Q.insert -==>  Preparing: insert into questionnaire_info (id, project_id, question_name, question_content, data_id, question_title, question_end_content, context, question_stop, release_time, start_time, end_time, answer_total, created_by, creation_date, last_updated_by, last_update_date, question ) values (?, ?, ?, ?, ?, ?, ?, ?, ?, ?, ?, ?, ?, ?, ?, ?, ?, ? )
2022-07-01 22:06:29.115 [http-nio-8085-exec-2] DEBUG c.a.q.d.Q.insert -==> Parameters: null, null, null, null, null, null, null, null, null, null, null, null, null, null, null, null, null, null
2022-07-01 22:06:29.115 [http-nio-8085-exec-2] DEBUG c.a.q.d.Q.insert -==> Parameters: null, null, null, null, null, null, null, null, null, null, null, null, null, null, null, null, null, null
2022-07-01 22:06:30.237 [http-nio-8085-exec-7] DEBUG c.a.q.d.Q.insert -==>  Preparing: insert into questionnaire_info (id, project_id, question_name, question_content, data_id, question_title, question_end_content, context, question_stop, release_time, start_time, end_time, answer_total, created_by, creation_date, last_updated_by, last_update_date, question ) values (?, ?, ?, ?, ?, ?, ?, ?, ?, ?, ?, ?, ?, ?, ?, ?, ?, ? )
2022-07-01 22:06:30.237 [http-nio-8085-exec-7] DEBUG c.a.q.d.Q.insert -==>  Preparing: insert into questionnaire_info (id, project_id, question_name, question_content, data_id, question_title, question_end_content, context, question_stop, release_time, start_time, end_time, answer_total, created_by, creation_date, last_updated_by, last_update_date, question ) values (?, ?, ?, ?, ?, ?, ?, ?, ?, ?, ?, ?, ?, ?, ?, ?, ?, ? )
2022-07-01 22:06:30.237 [http-nio-8085-exec-7] DEBUG c.a.q.d.Q.insert -==> Parameters: null, null, null, null, null, null, null, null, null, null, null, null, null, null, null, null, null, null
2022-07-01 22:06:30.237 [http-nio-8085-exec-7] DEBUG c.a.q.d.Q.insert -==> Parameters: null, null, null, null, null, null, null, null, null, null, null, null, null, null, null, null, null, null
2022-07-01 22:06:59.180 [http-nio-8085-exec-9] DEBUG c.a.q.d.Q.queryQuestionListByProjectId -==>  Preparing: SELECT id,question_name as questionName,question_content as questionContent,question_stop as questionStop,creation_date as creationDate,end_time as endTime,data_id as dataId FROM questionnaire_info WHERE project_id = ? AND question_stop != "4" AND question_stop != "0" ORDER BY creation_date DESC
2022-07-01 22:06:59.180 [http-nio-8085-exec-9] DEBUG c.a.q.d.Q.queryQuestionListByProjectId -==>  Preparing: SELECT id,question_name as questionName,question_content as questionContent,question_stop as questionStop,creation_date as creationDate,end_time as endTime,data_id as dataId FROM questionnaire_info WHERE project_id = ? AND question_stop != "4" AND question_stop != "0" ORDER BY creation_date DESC
2022-07-01 22:06:59.181 [http-nio-8085-exec-9] DEBUG c.a.q.d.Q.queryQuestionListByProjectId -==> Parameters: null
2022-07-01 22:06:59.181 [http-nio-8085-exec-9] DEBUG c.a.q.d.Q.queryQuestionListByProjectId -==> Parameters: null
2022-07-01 22:06:59.223 [http-nio-8085-exec-9] DEBUG c.a.q.d.Q.queryQuestionListByProjectId -<==      Total: 0
2022-07-01 22:06:59.223 [http-nio-8085-exec-9] DEBUG c.a.q.d.Q.queryQuestionListByProjectId -<==      Total: 0
2022-07-01 22:07:01.221 [http-nio-8085-exec-8] DEBUG c.a.q.d.Q.insert -==>  Preparing: insert into questionnaire_info (id, project_id, question_name, question_content, data_id, question_title, question_end_content, context, question_stop, release_time, start_time, end_time, answer_total, created_by, creation_date, last_updated_by, last_update_date, question ) values (?, ?, ?, ?, ?, ?, ?, ?, ?, ?, ?, ?, ?, ?, ?, ?, ?, ? )
2022-07-01 22:07:01.221 [http-nio-8085-exec-8] DEBUG c.a.q.d.Q.insert -==>  Preparing: insert into questionnaire_info (id, project_id, question_name, question_content, data_id, question_title, question_end_content, context, question_stop, release_time, start_time, end_time, answer_total, created_by, creation_date, last_updated_by, last_update_date, question ) values (?, ?, ?, ?, ?, ?, ?, ?, ?, ?, ?, ?, ?, ?, ?, ?, ?, ? )
2022-07-01 22:07:01.222 [http-nio-8085-exec-8] DEBUG c.a.q.d.Q.insert -==> Parameters: null, null, null, null, null, null, null, null, null, null, null, null, null, null, null, null, null, null
2022-07-01 22:07:01.222 [http-nio-8085-exec-8] DEBUG c.a.q.d.Q.insert -==> Parameters: null, null, null, null, null, null, null, null, null, null, null, null, null, null, null, null, null, null
2022-07-01 22:08:05.161 [http-nio-8085-exec-8] DEBUG c.a.q.d.Q.queryQuestionListByProjectId -==>  Preparing: SELECT id,question_name as questionName,question_content as questionContent,question_stop as questionStop,creation_date as creationDate,end_time as endTime,data_id as dataId FROM questionnaire_info WHERE project_id = ? AND question_stop != "4" AND question_stop != "0" ORDER BY creation_date DESC
2022-07-01 22:08:05.161 [http-nio-8085-exec-8] DEBUG c.a.q.d.Q.queryQuestionListByProjectId -==>  Preparing: SELECT id,question_name as questionName,question_content as questionContent,question_stop as questionStop,creation_date as creationDate,end_time as endTime,data_id as dataId FROM questionnaire_info WHERE project_id = ? AND question_stop != "4" AND question_stop != "0" ORDER BY creation_date DESC
2022-07-01 22:08:05.162 [http-nio-8085-exec-8] DEBUG c.a.q.d.Q.queryQuestionListByProjectId -==> Parameters: null
2022-07-01 22:08:05.162 [http-nio-8085-exec-8] DEBUG c.a.q.d.Q.queryQuestionListByProjectId -==> Parameters: null
2022-07-01 22:08:05.207 [http-nio-8085-exec-8] DEBUG c.a.q.d.Q.queryQuestionListByProjectId -<==      Total: 0
2022-07-01 22:08:05.207 [http-nio-8085-exec-8] DEBUG c.a.q.d.Q.queryQuestionListByProjectId -<==      Total: 0
2022-07-01 22:08:25.761 [http-nio-8085-exec-1] DEBUG c.a.q.d.Q.insert -==>  Preparing: insert into questionnaire_info (id, project_id, question_name, question_content, data_id, question_title, question_end_content, context, question_stop, release_time, start_time, end_time, answer_total, created_by, creation_date, last_updated_by, last_update_date, question ) values (?, ?, ?, ?, ?, ?, ?, ?, ?, ?, ?, ?, ?, ?, ?, ?, ?, ? )
2022-07-01 22:08:25.761 [http-nio-8085-exec-1] DEBUG c.a.q.d.Q.insert -==>  Preparing: insert into questionnaire_info (id, project_id, question_name, question_content, data_id, question_title, question_end_content, context, question_stop, release_time, start_time, end_time, answer_total, created_by, creation_date, last_updated_by, last_update_date, question ) values (?, ?, ?, ?, ?, ?, ?, ?, ?, ?, ?, ?, ?, ?, ?, ?, ?, ? )
2022-07-01 22:08:25.761 [http-nio-8085-exec-1] DEBUG c.a.q.d.Q.insert -==> Parameters: null, null, null, null, null, null, null, null, null, null, null, null, null, null, null, null, null, null
2022-07-01 22:08:25.761 [http-nio-8085-exec-1] DEBUG c.a.q.d.Q.insert -==> Parameters: null, null, null, null, null, null, null, null, null, null, null, null, null, null, null, null, null, null
2022-07-01 22:13:52.346 [http-nio-8085-exec-8] DEBUG c.a.q.d.Q.insert -==>  Preparing: insert into questionnaire_info (id, project_id, question_name, question_content, data_id, question_title, question_end_content, context, question_stop, release_time, start_time, end_time, answer_total, created_by, creation_date, last_updated_by, last_update_date, question ) values (?, ?, ?, ?, ?, ?, ?, ?, ?, ?, ?, ?, ?, ?, ?, ?, ?, ? )
2022-07-01 22:13:52.346 [http-nio-8085-exec-8] DEBUG c.a.q.d.Q.insert -==>  Preparing: insert into questionnaire_info (id, project_id, question_name, question_content, data_id, question_title, question_end_content, context, question_stop, release_time, start_time, end_time, answer_total, created_by, creation_date, last_updated_by, last_update_date, question ) values (?, ?, ?, ?, ?, ?, ?, ?, ?, ?, ?, ?, ?, ?, ?, ?, ?, ? )
2022-07-01 22:13:52.346 [http-nio-8085-exec-8] DEBUG c.a.q.d.Q.insert -==> Parameters: null, null, null, null, null, null, null, null, null, null, null, null, null, null, null, null, null, null
2022-07-01 22:13:52.346 [http-nio-8085-exec-8] DEBUG c.a.q.d.Q.insert -==> Parameters: null, null, null, null, null, null, null, null, null, null, null, null, null, null, null, null, null, null
2022-07-01 22:13:53.712 [http-nio-8085-exec-9] DEBUG c.a.q.d.Q.insert -==>  Preparing: insert into questionnaire_info (id, project_id, question_name, question_content, data_id, question_title, question_end_content, context, question_stop, release_time, start_time, end_time, answer_total, created_by, creation_date, last_updated_by, last_update_date, question ) values (?, ?, ?, ?, ?, ?, ?, ?, ?, ?, ?, ?, ?, ?, ?, ?, ?, ? )
2022-07-01 22:13:53.712 [http-nio-8085-exec-9] DEBUG c.a.q.d.Q.insert -==>  Preparing: insert into questionnaire_info (id, project_id, question_name, question_content, data_id, question_title, question_end_content, context, question_stop, release_time, start_time, end_time, answer_total, created_by, creation_date, last_updated_by, last_update_date, question ) values (?, ?, ?, ?, ?, ?, ?, ?, ?, ?, ?, ?, ?, ?, ?, ?, ?, ? )
2022-07-01 22:13:53.713 [http-nio-8085-exec-9] DEBUG c.a.q.d.Q.insert -==> Parameters: null, null, null, null, null, null, null, null, null, null, null, null, null, null, null, null, null, null
2022-07-01 22:13:53.713 [http-nio-8085-exec-9] DEBUG c.a.q.d.Q.insert -==> Parameters: null, null, null, null, null, null, null, null, null, null, null, null, null, null, null, null, null, null
2022-07-01 22:16:09.490 [http-nio-8085-exec-2] DEBUG c.a.q.d.Q.insert -==>  Preparing: insert into questionnaire_info (id, project_id, question_name, question_content, data_id, question_title, question_end_content, context, question_stop, release_time, start_time, end_time, answer_total, created_by, creation_date, last_updated_by, last_update_date, question ) values (?, ?, ?, ?, ?, ?, ?, ?, ?, ?, ?, ?, ?, ?, ?, ?, ?, ? )
2022-07-01 22:16:09.490 [http-nio-8085-exec-2] DEBUG c.a.q.d.Q.insert -==>  Preparing: insert into questionnaire_info (id, project_id, question_name, question_content, data_id, question_title, question_end_content, context, question_stop, release_time, start_time, end_time, answer_total, created_by, creation_date, last_updated_by, last_update_date, question ) values (?, ?, ?, ?, ?, ?, ?, ?, ?, ?, ?, ?, ?, ?, ?, ?, ?, ? )
2022-07-01 22:16:09.491 [http-nio-8085-exec-2] DEBUG c.a.q.d.Q.insert -==> Parameters: null, null, null, null, null, null, null, null, null, null, null, null, null, null, null, null, null, null
2022-07-01 22:16:09.491 [http-nio-8085-exec-2] DEBUG c.a.q.d.Q.insert -==> Parameters: null, null, null, null, null, null, null, null, null, null, null, null, null, null, null, null, null, null
2022-07-01 22:17:38.300 [http-nio-8085-exec-5] DEBUG c.a.q.d.Q.queryQuestionListByProjectId -==>  Preparing: SELECT id,question_name as questionName,question_content as questionContent,question_stop as questionStop,creation_date as creationDate,end_time as endTime,data_id as dataId FROM questionnaire_info WHERE project_id = ? AND question_stop != "4" AND question_stop != "0" ORDER BY creation_date DESC
2022-07-01 22:17:38.300 [http-nio-8085-exec-5] DEBUG c.a.q.d.Q.queryQuestionListByProjectId -==>  Preparing: SELECT id,question_name as questionName,question_content as questionContent,question_stop as questionStop,creation_date as creationDate,end_time as endTime,data_id as dataId FROM questionnaire_info WHERE project_id = ? AND question_stop != "4" AND question_stop != "0" ORDER BY creation_date DESC
2022-07-01 22:17:38.318 [http-nio-8085-exec-5] DEBUG c.a.q.d.Q.queryQuestionListByProjectId -==> Parameters: null
2022-07-01 22:17:38.318 [http-nio-8085-exec-5] DEBUG c.a.q.d.Q.queryQuestionListByProjectId -==> Parameters: null
2022-07-01 22:17:38.373 [http-nio-8085-exec-5] DEBUG c.a.q.d.Q.queryQuestionListByProjectId -<==      Total: 0
2022-07-01 22:17:38.373 [http-nio-8085-exec-5] DEBUG c.a.q.d.Q.queryQuestionListByProjectId -<==      Total: 0
2022-07-01 22:17:40.033 [http-nio-8085-exec-7] DEBUG c.a.q.d.Q.insert -==>  Preparing: insert into questionnaire_info (id, project_id, question_name, question_content, data_id, question_title, question_end_content, context, question_stop, release_time, start_time, end_time, answer_total, created_by, creation_date, last_updated_by, last_update_date, question ) values (?, ?, ?, ?, ?, ?, ?, ?, ?, ?, ?, ?, ?, ?, ?, ?, ?, ? )
2022-07-01 22:17:40.033 [http-nio-8085-exec-7] DEBUG c.a.q.d.Q.insert -==>  Preparing: insert into questionnaire_info (id, project_id, question_name, question_content, data_id, question_title, question_end_content, context, question_stop, release_time, start_time, end_time, answer_total, created_by, creation_date, last_updated_by, last_update_date, question ) values (?, ?, ?, ?, ?, ?, ?, ?, ?, ?, ?, ?, ?, ?, ?, ?, ?, ? )
2022-07-01 22:17:40.034 [http-nio-8085-exec-7] DEBUG c.a.q.d.Q.insert -==> Parameters: 5294161d8f5d4943874dbebc5b48100b(String), null, null, null, null, null, null, null, null, null, null, null, null, null, null, null, null, null
2022-07-01 22:17:40.034 [http-nio-8085-exec-7] DEBUG c.a.q.d.Q.insert -==> Parameters: 5294161d8f5d4943874dbebc5b48100b(String), null, null, null, null, null, null, null, null, null, null, null, null, null, null, null, null, null
2022-07-01 22:17:40.120 [http-nio-8085-exec-7] DEBUG c.a.q.d.Q.insert -<==    Updates: 1
2022-07-01 22:17:40.120 [http-nio-8085-exec-7] DEBUG c.a.q.d.Q.insert -<==    Updates: 1
